[2021-03-28 22:54:26,472] {scheduler_job.py:181} INFO - Started process (PID=46) to work on /home/airflow/.local/lib/python3.6/site-packages/airflow/example_dags/subdags/subdag.py
[2021-03-28 22:54:26,475] {scheduler_job.py:629} INFO - Processing file /home/airflow/.local/lib/python3.6/site-packages/airflow/example_dags/subdags/subdag.py for tasks to queue
[2021-03-28 22:54:26,476] {logging_mixin.py:103} INFO - [2021-03-28 22:54:26,476] {dagbag.py:440} INFO - Filling up the DagBag from /home/airflow/.local/lib/python3.6/site-packages/airflow/example_dags/subdags/subdag.py
[2021-03-28 22:54:26,482] {scheduler_job.py:641} WARNING - No viable dags retrieved from /home/airflow/.local/lib/python3.6/site-packages/airflow/example_dags/subdags/subdag.py
[2021-03-28 22:54:26,506] {scheduler_job.py:189} INFO - Processing /home/airflow/.local/lib/python3.6/site-packages/airflow/example_dags/subdags/subdag.py took 0.051 seconds
[2021-03-28 22:54:30,267] {scheduler_job.py:181} INFO - Started process (PID=72) to work on /home/airflow/.local/lib/python3.6/site-packages/airflow/example_dags/subdags/subdag.py
[2021-03-28 22:54:30,270] {scheduler_job.py:629} INFO - Processing file /home/airflow/.local/lib/python3.6/site-packages/airflow/example_dags/subdags/subdag.py for tasks to queue
[2021-03-28 22:54:30,274] {logging_mixin.py:103} INFO - [2021-03-28 22:54:30,274] {dagbag.py:440} INFO - Filling up the DagBag from /home/airflow/.local/lib/python3.6/site-packages/airflow/example_dags/subdags/subdag.py
[2021-03-28 22:54:30,281] {scheduler_job.py:641} WARNING - No viable dags retrieved from /home/airflow/.local/lib/python3.6/site-packages/airflow/example_dags/subdags/subdag.py
[2021-03-28 22:54:30,318] {scheduler_job.py:189} INFO - Processing /home/airflow/.local/lib/python3.6/site-packages/airflow/example_dags/subdags/subdag.py took 0.068 seconds
[2021-03-28 22:54:33,312] {scheduler_job.py:181} INFO - Started process (PID=99) to work on /home/airflow/.local/lib/python3.6/site-packages/airflow/example_dags/subdags/subdag.py
[2021-03-28 22:54:33,322] {scheduler_job.py:629} INFO - Processing file /home/airflow/.local/lib/python3.6/site-packages/airflow/example_dags/subdags/subdag.py for tasks to queue
[2021-03-28 22:54:33,327] {logging_mixin.py:103} INFO - [2021-03-28 22:54:33,326] {dagbag.py:440} INFO - Filling up the DagBag from /home/airflow/.local/lib/python3.6/site-packages/airflow/example_dags/subdags/subdag.py
[2021-03-28 22:54:33,341] {scheduler_job.py:641} WARNING - No viable dags retrieved from /home/airflow/.local/lib/python3.6/site-packages/airflow/example_dags/subdags/subdag.py
[2021-03-28 22:54:33,366] {scheduler_job.py:189} INFO - Processing /home/airflow/.local/lib/python3.6/site-packages/airflow/example_dags/subdags/subdag.py took 0.058 seconds
[2021-03-28 22:54:38,589] {scheduler_job.py:181} INFO - Started process (PID=151) to work on /home/airflow/.local/lib/python3.6/site-packages/airflow/example_dags/subdags/subdag.py
[2021-03-28 22:54:38,593] {scheduler_job.py:629} INFO - Processing file /home/airflow/.local/lib/python3.6/site-packages/airflow/example_dags/subdags/subdag.py for tasks to queue
[2021-03-28 22:54:38,595] {logging_mixin.py:103} INFO - [2021-03-28 22:54:38,595] {dagbag.py:440} INFO - Filling up the DagBag from /home/airflow/.local/lib/python3.6/site-packages/airflow/example_dags/subdags/subdag.py
[2021-03-28 22:54:38,603] {scheduler_job.py:641} WARNING - No viable dags retrieved from /home/airflow/.local/lib/python3.6/site-packages/airflow/example_dags/subdags/subdag.py
[2021-03-28 22:54:38,634] {scheduler_job.py:189} INFO - Processing /home/airflow/.local/lib/python3.6/site-packages/airflow/example_dags/subdags/subdag.py took 0.050 seconds
[2021-03-28 22:54:41,611] {scheduler_job.py:181} INFO - Started process (PID=176) to work on /home/airflow/.local/lib/python3.6/site-packages/airflow/example_dags/subdags/subdag.py
[2021-03-28 22:54:41,614] {scheduler_job.py:629} INFO - Processing file /home/airflow/.local/lib/python3.6/site-packages/airflow/example_dags/subdags/subdag.py for tasks to queue
[2021-03-28 22:54:41,615] {logging_mixin.py:103} INFO - [2021-03-28 22:54:41,615] {dagbag.py:440} INFO - Filling up the DagBag from /home/airflow/.local/lib/python3.6/site-packages/airflow/example_dags/subdags/subdag.py
[2021-03-28 22:54:41,625] {scheduler_job.py:641} WARNING - No viable dags retrieved from /home/airflow/.local/lib/python3.6/site-packages/airflow/example_dags/subdags/subdag.py
[2021-03-28 22:54:41,659] {scheduler_job.py:189} INFO - Processing /home/airflow/.local/lib/python3.6/site-packages/airflow/example_dags/subdags/subdag.py took 0.058 seconds
[2021-03-28 22:54:45,439] {scheduler_job.py:181} INFO - Started process (PID=203) to work on /home/airflow/.local/lib/python3.6/site-packages/airflow/example_dags/subdags/subdag.py
[2021-03-28 22:54:45,445] {scheduler_job.py:629} INFO - Processing file /home/airflow/.local/lib/python3.6/site-packages/airflow/example_dags/subdags/subdag.py for tasks to queue
[2021-03-28 22:54:45,449] {logging_mixin.py:103} INFO - [2021-03-28 22:54:45,449] {dagbag.py:440} INFO - Filling up the DagBag from /home/airflow/.local/lib/python3.6/site-packages/airflow/example_dags/subdags/subdag.py
[2021-03-28 22:54:45,460] {scheduler_job.py:641} WARNING - No viable dags retrieved from /home/airflow/.local/lib/python3.6/site-packages/airflow/example_dags/subdags/subdag.py
[2021-03-28 22:54:45,487] {scheduler_job.py:189} INFO - Processing /home/airflow/.local/lib/python3.6/site-packages/airflow/example_dags/subdags/subdag.py took 0.058 seconds
[2021-03-28 22:54:50,379] {scheduler_job.py:181} INFO - Started process (PID=228) to work on /home/airflow/.local/lib/python3.6/site-packages/airflow/example_dags/subdags/subdag.py
[2021-03-28 22:54:50,384] {scheduler_job.py:629} INFO - Processing file /home/airflow/.local/lib/python3.6/site-packages/airflow/example_dags/subdags/subdag.py for tasks to queue
[2021-03-28 22:54:50,389] {logging_mixin.py:103} INFO - [2021-03-28 22:54:50,389] {dagbag.py:440} INFO - Filling up the DagBag from /home/airflow/.local/lib/python3.6/site-packages/airflow/example_dags/subdags/subdag.py
[2021-03-28 22:54:50,393] {scheduler_job.py:641} WARNING - No viable dags retrieved from /home/airflow/.local/lib/python3.6/site-packages/airflow/example_dags/subdags/subdag.py
[2021-03-28 22:54:50,426] {scheduler_job.py:189} INFO - Processing /home/airflow/.local/lib/python3.6/site-packages/airflow/example_dags/subdags/subdag.py took 0.052 seconds
[2021-03-28 22:54:53,486] {scheduler_job.py:181} INFO - Started process (PID=255) to work on /home/airflow/.local/lib/python3.6/site-packages/airflow/example_dags/subdags/subdag.py
[2021-03-28 22:54:53,491] {scheduler_job.py:629} INFO - Processing file /home/airflow/.local/lib/python3.6/site-packages/airflow/example_dags/subdags/subdag.py for tasks to queue
[2021-03-28 22:54:53,492] {logging_mixin.py:103} INFO - [2021-03-28 22:54:53,492] {dagbag.py:440} INFO - Filling up the DagBag from /home/airflow/.local/lib/python3.6/site-packages/airflow/example_dags/subdags/subdag.py
[2021-03-28 22:54:53,499] {scheduler_job.py:641} WARNING - No viable dags retrieved from /home/airflow/.local/lib/python3.6/site-packages/airflow/example_dags/subdags/subdag.py
[2021-03-28 22:54:53,531] {scheduler_job.py:189} INFO - Processing /home/airflow/.local/lib/python3.6/site-packages/airflow/example_dags/subdags/subdag.py took 0.053 seconds
[2021-03-28 22:54:56,640] {scheduler_job.py:181} INFO - Started process (PID=280) to work on /home/airflow/.local/lib/python3.6/site-packages/airflow/example_dags/subdags/subdag.py
[2021-03-28 22:54:56,652] {scheduler_job.py:629} INFO - Processing file /home/airflow/.local/lib/python3.6/site-packages/airflow/example_dags/subdags/subdag.py for tasks to queue
[2021-03-28 22:54:56,654] {logging_mixin.py:103} INFO - [2021-03-28 22:54:56,654] {dagbag.py:440} INFO - Filling up the DagBag from /home/airflow/.local/lib/python3.6/site-packages/airflow/example_dags/subdags/subdag.py
[2021-03-28 22:54:56,659] {scheduler_job.py:641} WARNING - No viable dags retrieved from /home/airflow/.local/lib/python3.6/site-packages/airflow/example_dags/subdags/subdag.py
[2021-03-28 22:54:56,704] {scheduler_job.py:189} INFO - Processing /home/airflow/.local/lib/python3.6/site-packages/airflow/example_dags/subdags/subdag.py took 0.068 seconds
[2021-03-28 22:55:00,350] {scheduler_job.py:181} INFO - Started process (PID=306) to work on /home/airflow/.local/lib/python3.6/site-packages/airflow/example_dags/subdags/subdag.py
[2021-03-28 22:55:00,354] {scheduler_job.py:629} INFO - Processing file /home/airflow/.local/lib/python3.6/site-packages/airflow/example_dags/subdags/subdag.py for tasks to queue
[2021-03-28 22:55:00,357] {logging_mixin.py:103} INFO - [2021-03-28 22:55:00,357] {dagbag.py:440} INFO - Filling up the DagBag from /home/airflow/.local/lib/python3.6/site-packages/airflow/example_dags/subdags/subdag.py
[2021-03-28 22:55:00,367] {scheduler_job.py:641} WARNING - No viable dags retrieved from /home/airflow/.local/lib/python3.6/site-packages/airflow/example_dags/subdags/subdag.py
[2021-03-28 22:55:00,411] {scheduler_job.py:189} INFO - Processing /home/airflow/.local/lib/python3.6/site-packages/airflow/example_dags/subdags/subdag.py took 0.071 seconds
[2021-03-28 22:55:05,197] {scheduler_job.py:181} INFO - Started process (PID=333) to work on /home/airflow/.local/lib/python3.6/site-packages/airflow/example_dags/subdags/subdag.py
[2021-03-28 22:55:05,200] {scheduler_job.py:629} INFO - Processing file /home/airflow/.local/lib/python3.6/site-packages/airflow/example_dags/subdags/subdag.py for tasks to queue
[2021-03-28 22:55:05,203] {logging_mixin.py:103} INFO - [2021-03-28 22:55:05,203] {dagbag.py:440} INFO - Filling up the DagBag from /home/airflow/.local/lib/python3.6/site-packages/airflow/example_dags/subdags/subdag.py
[2021-03-28 22:55:05,212] {scheduler_job.py:641} WARNING - No viable dags retrieved from /home/airflow/.local/lib/python3.6/site-packages/airflow/example_dags/subdags/subdag.py
[2021-03-28 22:55:05,247] {scheduler_job.py:189} INFO - Processing /home/airflow/.local/lib/python3.6/site-packages/airflow/example_dags/subdags/subdag.py took 0.058 seconds
[2021-03-28 22:55:09,310] {scheduler_job.py:181} INFO - Started process (PID=358) to work on /home/airflow/.local/lib/python3.6/site-packages/airflow/example_dags/subdags/subdag.py
[2021-03-28 22:55:09,322] {scheduler_job.py:629} INFO - Processing file /home/airflow/.local/lib/python3.6/site-packages/airflow/example_dags/subdags/subdag.py for tasks to queue
[2021-03-28 22:55:09,327] {logging_mixin.py:103} INFO - [2021-03-28 22:55:09,327] {dagbag.py:440} INFO - Filling up the DagBag from /home/airflow/.local/lib/python3.6/site-packages/airflow/example_dags/subdags/subdag.py
[2021-03-28 22:55:09,337] {scheduler_job.py:641} WARNING - No viable dags retrieved from /home/airflow/.local/lib/python3.6/site-packages/airflow/example_dags/subdags/subdag.py
[2021-03-28 22:55:09,378] {scheduler_job.py:189} INFO - Processing /home/airflow/.local/lib/python3.6/site-packages/airflow/example_dags/subdags/subdag.py took 0.085 seconds
[2021-03-28 22:55:12,890] {scheduler_job.py:181} INFO - Started process (PID=384) to work on /home/airflow/.local/lib/python3.6/site-packages/airflow/example_dags/subdags/subdag.py
[2021-03-28 22:55:12,893] {scheduler_job.py:629} INFO - Processing file /home/airflow/.local/lib/python3.6/site-packages/airflow/example_dags/subdags/subdag.py for tasks to queue
[2021-03-28 22:55:12,896] {logging_mixin.py:103} INFO - [2021-03-28 22:55:12,896] {dagbag.py:440} INFO - Filling up the DagBag from /home/airflow/.local/lib/python3.6/site-packages/airflow/example_dags/subdags/subdag.py
[2021-03-28 22:55:12,917] {scheduler_job.py:641} WARNING - No viable dags retrieved from /home/airflow/.local/lib/python3.6/site-packages/airflow/example_dags/subdags/subdag.py
[2021-03-28 22:55:12,959] {scheduler_job.py:189} INFO - Processing /home/airflow/.local/lib/python3.6/site-packages/airflow/example_dags/subdags/subdag.py took 0.083 seconds
[2021-03-28 22:55:16,182] {scheduler_job.py:181} INFO - Started process (PID=411) to work on /home/airflow/.local/lib/python3.6/site-packages/airflow/example_dags/subdags/subdag.py
[2021-03-28 22:55:16,187] {scheduler_job.py:629} INFO - Processing file /home/airflow/.local/lib/python3.6/site-packages/airflow/example_dags/subdags/subdag.py for tasks to queue
[2021-03-28 22:55:16,188] {logging_mixin.py:103} INFO - [2021-03-28 22:55:16,188] {dagbag.py:440} INFO - Filling up the DagBag from /home/airflow/.local/lib/python3.6/site-packages/airflow/example_dags/subdags/subdag.py
[2021-03-28 22:55:16,198] {scheduler_job.py:641} WARNING - No viable dags retrieved from /home/airflow/.local/lib/python3.6/site-packages/airflow/example_dags/subdags/subdag.py
[2021-03-28 22:55:16,228] {scheduler_job.py:189} INFO - Processing /home/airflow/.local/lib/python3.6/site-packages/airflow/example_dags/subdags/subdag.py took 0.054 seconds
[2021-03-28 22:55:19,129] {scheduler_job.py:181} INFO - Started process (PID=436) to work on /home/airflow/.local/lib/python3.6/site-packages/airflow/example_dags/subdags/subdag.py
[2021-03-28 22:55:19,132] {scheduler_job.py:629} INFO - Processing file /home/airflow/.local/lib/python3.6/site-packages/airflow/example_dags/subdags/subdag.py for tasks to queue
[2021-03-28 22:55:19,136] {logging_mixin.py:103} INFO - [2021-03-28 22:55:19,135] {dagbag.py:440} INFO - Filling up the DagBag from /home/airflow/.local/lib/python3.6/site-packages/airflow/example_dags/subdags/subdag.py
[2021-03-28 22:55:19,147] {scheduler_job.py:641} WARNING - No viable dags retrieved from /home/airflow/.local/lib/python3.6/site-packages/airflow/example_dags/subdags/subdag.py
[2021-03-28 22:55:19,201] {scheduler_job.py:189} INFO - Processing /home/airflow/.local/lib/python3.6/site-packages/airflow/example_dags/subdags/subdag.py took 0.085 seconds
[2021-03-28 22:55:22,361] {scheduler_job.py:181} INFO - Started process (PID=463) to work on /home/airflow/.local/lib/python3.6/site-packages/airflow/example_dags/subdags/subdag.py
[2021-03-28 22:55:22,364] {scheduler_job.py:629} INFO - Processing file /home/airflow/.local/lib/python3.6/site-packages/airflow/example_dags/subdags/subdag.py for tasks to queue
[2021-03-28 22:55:22,370] {logging_mixin.py:103} INFO - [2021-03-28 22:55:22,369] {dagbag.py:440} INFO - Filling up the DagBag from /home/airflow/.local/lib/python3.6/site-packages/airflow/example_dags/subdags/subdag.py
[2021-03-28 22:55:22,380] {scheduler_job.py:641} WARNING - No viable dags retrieved from /home/airflow/.local/lib/python3.6/site-packages/airflow/example_dags/subdags/subdag.py
[2021-03-28 22:55:22,410] {scheduler_job.py:189} INFO - Processing /home/airflow/.local/lib/python3.6/site-packages/airflow/example_dags/subdags/subdag.py took 0.061 seconds
[2021-03-28 22:55:25,704] {scheduler_job.py:181} INFO - Started process (PID=489) to work on /home/airflow/.local/lib/python3.6/site-packages/airflow/example_dags/subdags/subdag.py
[2021-03-28 22:55:25,707] {scheduler_job.py:629} INFO - Processing file /home/airflow/.local/lib/python3.6/site-packages/airflow/example_dags/subdags/subdag.py for tasks to queue
[2021-03-28 22:55:25,710] {logging_mixin.py:103} INFO - [2021-03-28 22:55:25,710] {dagbag.py:440} INFO - Filling up the DagBag from /home/airflow/.local/lib/python3.6/site-packages/airflow/example_dags/subdags/subdag.py
[2021-03-28 22:55:25,714] {scheduler_job.py:641} WARNING - No viable dags retrieved from /home/airflow/.local/lib/python3.6/site-packages/airflow/example_dags/subdags/subdag.py
[2021-03-28 22:55:25,751] {scheduler_job.py:189} INFO - Processing /home/airflow/.local/lib/python3.6/site-packages/airflow/example_dags/subdags/subdag.py took 0.052 seconds
[2021-03-28 22:55:30,080] {scheduler_job.py:181} INFO - Started process (PID=516) to work on /home/airflow/.local/lib/python3.6/site-packages/airflow/example_dags/subdags/subdag.py
[2021-03-28 22:55:30,090] {scheduler_job.py:629} INFO - Processing file /home/airflow/.local/lib/python3.6/site-packages/airflow/example_dags/subdags/subdag.py for tasks to queue
[2021-03-28 22:55:30,092] {logging_mixin.py:103} INFO - [2021-03-28 22:55:30,092] {dagbag.py:440} INFO - Filling up the DagBag from /home/airflow/.local/lib/python3.6/site-packages/airflow/example_dags/subdags/subdag.py
[2021-03-28 22:55:30,114] {scheduler_job.py:641} WARNING - No viable dags retrieved from /home/airflow/.local/lib/python3.6/site-packages/airflow/example_dags/subdags/subdag.py
[2021-03-28 22:55:30,165] {scheduler_job.py:189} INFO - Processing /home/airflow/.local/lib/python3.6/site-packages/airflow/example_dags/subdags/subdag.py took 0.098 seconds
[2021-03-28 22:55:34,149] {scheduler_job.py:181} INFO - Started process (PID=541) to work on /home/airflow/.local/lib/python3.6/site-packages/airflow/example_dags/subdags/subdag.py
[2021-03-28 22:55:34,153] {scheduler_job.py:629} INFO - Processing file /home/airflow/.local/lib/python3.6/site-packages/airflow/example_dags/subdags/subdag.py for tasks to queue
[2021-03-28 22:55:34,155] {logging_mixin.py:103} INFO - [2021-03-28 22:55:34,154] {dagbag.py:440} INFO - Filling up the DagBag from /home/airflow/.local/lib/python3.6/site-packages/airflow/example_dags/subdags/subdag.py
[2021-03-28 22:55:34,164] {scheduler_job.py:641} WARNING - No viable dags retrieved from /home/airflow/.local/lib/python3.6/site-packages/airflow/example_dags/subdags/subdag.py
[2021-03-28 22:55:34,186] {scheduler_job.py:189} INFO - Processing /home/airflow/.local/lib/python3.6/site-packages/airflow/example_dags/subdags/subdag.py took 0.045 seconds
[2021-03-28 22:55:37,560] {scheduler_job.py:181} INFO - Started process (PID=568) to work on /home/airflow/.local/lib/python3.6/site-packages/airflow/example_dags/subdags/subdag.py
[2021-03-28 22:55:37,570] {scheduler_job.py:629} INFO - Processing file /home/airflow/.local/lib/python3.6/site-packages/airflow/example_dags/subdags/subdag.py for tasks to queue
[2021-03-28 22:55:37,586] {logging_mixin.py:103} INFO - [2021-03-28 22:55:37,586] {dagbag.py:440} INFO - Filling up the DagBag from /home/airflow/.local/lib/python3.6/site-packages/airflow/example_dags/subdags/subdag.py
[2021-03-28 22:55:37,603] {scheduler_job.py:641} WARNING - No viable dags retrieved from /home/airflow/.local/lib/python3.6/site-packages/airflow/example_dags/subdags/subdag.py
[2021-03-28 22:55:37,641] {scheduler_job.py:189} INFO - Processing /home/airflow/.local/lib/python3.6/site-packages/airflow/example_dags/subdags/subdag.py took 0.093 seconds
[2021-03-28 22:55:40,945] {scheduler_job.py:181} INFO - Started process (PID=593) to work on /home/airflow/.local/lib/python3.6/site-packages/airflow/example_dags/subdags/subdag.py
[2021-03-28 22:55:40,959] {scheduler_job.py:629} INFO - Processing file /home/airflow/.local/lib/python3.6/site-packages/airflow/example_dags/subdags/subdag.py for tasks to queue
[2021-03-28 22:55:40,967] {logging_mixin.py:103} INFO - [2021-03-28 22:55:40,966] {dagbag.py:440} INFO - Filling up the DagBag from /home/airflow/.local/lib/python3.6/site-packages/airflow/example_dags/subdags/subdag.py
[2021-03-28 22:55:40,982] {scheduler_job.py:641} WARNING - No viable dags retrieved from /home/airflow/.local/lib/python3.6/site-packages/airflow/example_dags/subdags/subdag.py
[2021-03-28 22:55:41,015] {scheduler_job.py:189} INFO - Processing /home/airflow/.local/lib/python3.6/site-packages/airflow/example_dags/subdags/subdag.py took 0.091 seconds
[2021-03-28 22:55:44,429] {scheduler_job.py:181} INFO - Started process (PID=620) to work on /home/airflow/.local/lib/python3.6/site-packages/airflow/example_dags/subdags/subdag.py
[2021-03-28 22:55:44,435] {scheduler_job.py:629} INFO - Processing file /home/airflow/.local/lib/python3.6/site-packages/airflow/example_dags/subdags/subdag.py for tasks to queue
[2021-03-28 22:55:44,442] {logging_mixin.py:103} INFO - [2021-03-28 22:55:44,442] {dagbag.py:440} INFO - Filling up the DagBag from /home/airflow/.local/lib/python3.6/site-packages/airflow/example_dags/subdags/subdag.py
[2021-03-28 22:55:44,452] {scheduler_job.py:641} WARNING - No viable dags retrieved from /home/airflow/.local/lib/python3.6/site-packages/airflow/example_dags/subdags/subdag.py
[2021-03-28 22:55:44,500] {scheduler_job.py:189} INFO - Processing /home/airflow/.local/lib/python3.6/site-packages/airflow/example_dags/subdags/subdag.py took 0.096 seconds
[2021-03-28 22:55:47,618] {scheduler_job.py:181} INFO - Started process (PID=645) to work on /home/airflow/.local/lib/python3.6/site-packages/airflow/example_dags/subdags/subdag.py
[2021-03-28 22:55:47,620] {scheduler_job.py:629} INFO - Processing file /home/airflow/.local/lib/python3.6/site-packages/airflow/example_dags/subdags/subdag.py for tasks to queue
[2021-03-28 22:55:47,634] {logging_mixin.py:103} INFO - [2021-03-28 22:55:47,633] {dagbag.py:440} INFO - Filling up the DagBag from /home/airflow/.local/lib/python3.6/site-packages/airflow/example_dags/subdags/subdag.py
[2021-03-28 22:55:47,652] {scheduler_job.py:641} WARNING - No viable dags retrieved from /home/airflow/.local/lib/python3.6/site-packages/airflow/example_dags/subdags/subdag.py
[2021-03-28 22:55:47,694] {scheduler_job.py:189} INFO - Processing /home/airflow/.local/lib/python3.6/site-packages/airflow/example_dags/subdags/subdag.py took 0.082 seconds
[2021-03-28 22:55:50,661] {scheduler_job.py:181} INFO - Started process (PID=672) to work on /home/airflow/.local/lib/python3.6/site-packages/airflow/example_dags/subdags/subdag.py
[2021-03-28 22:55:50,663] {scheduler_job.py:629} INFO - Processing file /home/airflow/.local/lib/python3.6/site-packages/airflow/example_dags/subdags/subdag.py for tasks to queue
[2021-03-28 22:55:50,665] {logging_mixin.py:103} INFO - [2021-03-28 22:55:50,664] {dagbag.py:440} INFO - Filling up the DagBag from /home/airflow/.local/lib/python3.6/site-packages/airflow/example_dags/subdags/subdag.py
[2021-03-28 22:55:50,671] {scheduler_job.py:641} WARNING - No viable dags retrieved from /home/airflow/.local/lib/python3.6/site-packages/airflow/example_dags/subdags/subdag.py
[2021-03-28 22:55:50,711] {scheduler_job.py:189} INFO - Processing /home/airflow/.local/lib/python3.6/site-packages/airflow/example_dags/subdags/subdag.py took 0.056 seconds
[2021-03-28 22:55:53,050] {scheduler_job.py:181} INFO - Started process (PID=698) to work on /home/airflow/.local/lib/python3.6/site-packages/airflow/example_dags/subdags/subdag.py
[2021-03-28 22:55:53,053] {scheduler_job.py:629} INFO - Processing file /home/airflow/.local/lib/python3.6/site-packages/airflow/example_dags/subdags/subdag.py for tasks to queue
[2021-03-28 22:55:53,059] {logging_mixin.py:103} INFO - [2021-03-28 22:55:53,059] {dagbag.py:440} INFO - Filling up the DagBag from /home/airflow/.local/lib/python3.6/site-packages/airflow/example_dags/subdags/subdag.py
[2021-03-28 22:55:53,071] {scheduler_job.py:641} WARNING - No viable dags retrieved from /home/airflow/.local/lib/python3.6/site-packages/airflow/example_dags/subdags/subdag.py
[2021-03-28 22:55:53,137] {scheduler_job.py:189} INFO - Processing /home/airflow/.local/lib/python3.6/site-packages/airflow/example_dags/subdags/subdag.py took 0.091 seconds
[2021-03-28 22:55:55,763] {scheduler_job.py:181} INFO - Started process (PID=725) to work on /home/airflow/.local/lib/python3.6/site-packages/airflow/example_dags/subdags/subdag.py
[2021-03-28 22:55:55,766] {scheduler_job.py:629} INFO - Processing file /home/airflow/.local/lib/python3.6/site-packages/airflow/example_dags/subdags/subdag.py for tasks to queue
[2021-03-28 22:55:55,768] {logging_mixin.py:103} INFO - [2021-03-28 22:55:55,768] {dagbag.py:440} INFO - Filling up the DagBag from /home/airflow/.local/lib/python3.6/site-packages/airflow/example_dags/subdags/subdag.py
[2021-03-28 22:55:55,775] {scheduler_job.py:641} WARNING - No viable dags retrieved from /home/airflow/.local/lib/python3.6/site-packages/airflow/example_dags/subdags/subdag.py
[2021-03-28 22:55:55,804] {scheduler_job.py:189} INFO - Processing /home/airflow/.local/lib/python3.6/site-packages/airflow/example_dags/subdags/subdag.py took 0.048 seconds
[2021-03-28 22:56:01,148] {scheduler_job.py:181} INFO - Started process (PID=751) to work on /home/airflow/.local/lib/python3.6/site-packages/airflow/example_dags/subdags/subdag.py
[2021-03-28 22:56:01,151] {scheduler_job.py:629} INFO - Processing file /home/airflow/.local/lib/python3.6/site-packages/airflow/example_dags/subdags/subdag.py for tasks to queue
[2021-03-28 22:56:01,153] {logging_mixin.py:103} INFO - [2021-03-28 22:56:01,153] {dagbag.py:440} INFO - Filling up the DagBag from /home/airflow/.local/lib/python3.6/site-packages/airflow/example_dags/subdags/subdag.py
[2021-03-28 22:56:01,159] {scheduler_job.py:641} WARNING - No viable dags retrieved from /home/airflow/.local/lib/python3.6/site-packages/airflow/example_dags/subdags/subdag.py
[2021-03-28 22:56:01,186] {scheduler_job.py:189} INFO - Processing /home/airflow/.local/lib/python3.6/site-packages/airflow/example_dags/subdags/subdag.py took 0.045 seconds
[2021-03-28 22:56:03,034] {scheduler_job.py:181} INFO - Started process (PID=778) to work on /home/airflow/.local/lib/python3.6/site-packages/airflow/example_dags/subdags/subdag.py
[2021-03-28 22:56:03,036] {scheduler_job.py:629} INFO - Processing file /home/airflow/.local/lib/python3.6/site-packages/airflow/example_dags/subdags/subdag.py for tasks to queue
[2021-03-28 22:56:03,038] {logging_mixin.py:103} INFO - [2021-03-28 22:56:03,038] {dagbag.py:440} INFO - Filling up the DagBag from /home/airflow/.local/lib/python3.6/site-packages/airflow/example_dags/subdags/subdag.py
[2021-03-28 22:56:03,042] {scheduler_job.py:641} WARNING - No viable dags retrieved from /home/airflow/.local/lib/python3.6/site-packages/airflow/example_dags/subdags/subdag.py
[2021-03-28 22:56:03,062] {scheduler_job.py:189} INFO - Processing /home/airflow/.local/lib/python3.6/site-packages/airflow/example_dags/subdags/subdag.py took 0.032 seconds
[2021-03-28 22:56:05,186] {scheduler_job.py:181} INFO - Started process (PID=803) to work on /home/airflow/.local/lib/python3.6/site-packages/airflow/example_dags/subdags/subdag.py
[2021-03-28 22:56:05,188] {scheduler_job.py:629} INFO - Processing file /home/airflow/.local/lib/python3.6/site-packages/airflow/example_dags/subdags/subdag.py for tasks to queue
[2021-03-28 22:56:05,189] {logging_mixin.py:103} INFO - [2021-03-28 22:56:05,189] {dagbag.py:440} INFO - Filling up the DagBag from /home/airflow/.local/lib/python3.6/site-packages/airflow/example_dags/subdags/subdag.py
[2021-03-28 22:56:05,193] {scheduler_job.py:641} WARNING - No viable dags retrieved from /home/airflow/.local/lib/python3.6/site-packages/airflow/example_dags/subdags/subdag.py
[2021-03-28 22:56:05,217] {scheduler_job.py:189} INFO - Processing /home/airflow/.local/lib/python3.6/site-packages/airflow/example_dags/subdags/subdag.py took 0.036 seconds
[2021-03-28 22:56:12,036] {scheduler_job.py:181} INFO - Started process (PID=830) to work on /home/airflow/.local/lib/python3.6/site-packages/airflow/example_dags/subdags/subdag.py
[2021-03-28 22:56:12,038] {scheduler_job.py:629} INFO - Processing file /home/airflow/.local/lib/python3.6/site-packages/airflow/example_dags/subdags/subdag.py for tasks to queue
[2021-03-28 22:56:12,040] {logging_mixin.py:103} INFO - [2021-03-28 22:56:12,040] {dagbag.py:440} INFO - Filling up the DagBag from /home/airflow/.local/lib/python3.6/site-packages/airflow/example_dags/subdags/subdag.py
[2021-03-28 22:56:12,044] {scheduler_job.py:641} WARNING - No viable dags retrieved from /home/airflow/.local/lib/python3.6/site-packages/airflow/example_dags/subdags/subdag.py
[2021-03-28 22:56:12,064] {scheduler_job.py:189} INFO - Processing /home/airflow/.local/lib/python3.6/site-packages/airflow/example_dags/subdags/subdag.py took 0.038 seconds
[2021-03-28 22:56:15,145] {scheduler_job.py:181} INFO - Started process (PID=855) to work on /home/airflow/.local/lib/python3.6/site-packages/airflow/example_dags/subdags/subdag.py
[2021-03-28 22:56:15,151] {scheduler_job.py:629} INFO - Processing file /home/airflow/.local/lib/python3.6/site-packages/airflow/example_dags/subdags/subdag.py for tasks to queue
[2021-03-28 22:56:15,154] {logging_mixin.py:103} INFO - [2021-03-28 22:56:15,153] {dagbag.py:440} INFO - Filling up the DagBag from /home/airflow/.local/lib/python3.6/site-packages/airflow/example_dags/subdags/subdag.py
[2021-03-28 22:56:15,164] {scheduler_job.py:641} WARNING - No viable dags retrieved from /home/airflow/.local/lib/python3.6/site-packages/airflow/example_dags/subdags/subdag.py
[2021-03-28 22:56:15,208] {scheduler_job.py:189} INFO - Processing /home/airflow/.local/lib/python3.6/site-packages/airflow/example_dags/subdags/subdag.py took 0.072 seconds
[2021-03-28 22:56:18,294] {scheduler_job.py:181} INFO - Started process (PID=882) to work on /home/airflow/.local/lib/python3.6/site-packages/airflow/example_dags/subdags/subdag.py
[2021-03-28 22:56:18,296] {scheduler_job.py:629} INFO - Processing file /home/airflow/.local/lib/python3.6/site-packages/airflow/example_dags/subdags/subdag.py for tasks to queue
[2021-03-28 22:56:18,298] {logging_mixin.py:103} INFO - [2021-03-28 22:56:18,298] {dagbag.py:440} INFO - Filling up the DagBag from /home/airflow/.local/lib/python3.6/site-packages/airflow/example_dags/subdags/subdag.py
[2021-03-28 22:56:18,308] {scheduler_job.py:641} WARNING - No viable dags retrieved from /home/airflow/.local/lib/python3.6/site-packages/airflow/example_dags/subdags/subdag.py
[2021-03-28 22:56:18,339] {scheduler_job.py:189} INFO - Processing /home/airflow/.local/lib/python3.6/site-packages/airflow/example_dags/subdags/subdag.py took 0.060 seconds
[2021-03-28 22:56:24,734] {scheduler_job.py:181} INFO - Started process (PID=934) to work on /home/airflow/.local/lib/python3.6/site-packages/airflow/example_dags/subdags/subdag.py
[2021-03-28 22:56:24,736] {scheduler_job.py:629} INFO - Processing file /home/airflow/.local/lib/python3.6/site-packages/airflow/example_dags/subdags/subdag.py for tasks to queue
[2021-03-28 22:56:24,738] {logging_mixin.py:103} INFO - [2021-03-28 22:56:24,738] {dagbag.py:440} INFO - Filling up the DagBag from /home/airflow/.local/lib/python3.6/site-packages/airflow/example_dags/subdags/subdag.py
[2021-03-28 22:56:24,746] {scheduler_job.py:641} WARNING - No viable dags retrieved from /home/airflow/.local/lib/python3.6/site-packages/airflow/example_dags/subdags/subdag.py
[2021-03-28 22:56:24,770] {scheduler_job.py:189} INFO - Processing /home/airflow/.local/lib/python3.6/site-packages/airflow/example_dags/subdags/subdag.py took 0.042 seconds
[2021-03-28 22:56:30,818] {scheduler_job.py:181} INFO - Started process (PID=986) to work on /home/airflow/.local/lib/python3.6/site-packages/airflow/example_dags/subdags/subdag.py
[2021-03-28 22:56:30,820] {scheduler_job.py:629} INFO - Processing file /home/airflow/.local/lib/python3.6/site-packages/airflow/example_dags/subdags/subdag.py for tasks to queue
[2021-03-28 22:56:30,822] {logging_mixin.py:103} INFO - [2021-03-28 22:56:30,822] {dagbag.py:440} INFO - Filling up the DagBag from /home/airflow/.local/lib/python3.6/site-packages/airflow/example_dags/subdags/subdag.py
[2021-03-28 22:56:30,828] {scheduler_job.py:641} WARNING - No viable dags retrieved from /home/airflow/.local/lib/python3.6/site-packages/airflow/example_dags/subdags/subdag.py
[2021-03-28 22:56:30,851] {scheduler_job.py:189} INFO - Processing /home/airflow/.local/lib/python3.6/site-packages/airflow/example_dags/subdags/subdag.py took 0.037 seconds
[2021-03-28 22:56:34,952] {scheduler_job.py:181} INFO - Started process (PID=1038) to work on /home/airflow/.local/lib/python3.6/site-packages/airflow/example_dags/subdags/subdag.py
[2021-03-28 22:56:34,954] {scheduler_job.py:629} INFO - Processing file /home/airflow/.local/lib/python3.6/site-packages/airflow/example_dags/subdags/subdag.py for tasks to queue
[2021-03-28 22:56:34,956] {logging_mixin.py:103} INFO - [2021-03-28 22:56:34,956] {dagbag.py:440} INFO - Filling up the DagBag from /home/airflow/.local/lib/python3.6/site-packages/airflow/example_dags/subdags/subdag.py
[2021-03-28 22:56:34,963] {scheduler_job.py:641} WARNING - No viable dags retrieved from /home/airflow/.local/lib/python3.6/site-packages/airflow/example_dags/subdags/subdag.py
[2021-03-28 22:56:35,001] {scheduler_job.py:189} INFO - Processing /home/airflow/.local/lib/python3.6/site-packages/airflow/example_dags/subdags/subdag.py took 0.056 seconds
[2021-03-28 22:56:38,814] {scheduler_job.py:181} INFO - Started process (PID=1063) to work on /home/airflow/.local/lib/python3.6/site-packages/airflow/example_dags/subdags/subdag.py
[2021-03-28 22:56:38,817] {scheduler_job.py:629} INFO - Processing file /home/airflow/.local/lib/python3.6/site-packages/airflow/example_dags/subdags/subdag.py for tasks to queue
[2021-03-28 22:56:38,819] {logging_mixin.py:103} INFO - [2021-03-28 22:56:38,818] {dagbag.py:440} INFO - Filling up the DagBag from /home/airflow/.local/lib/python3.6/site-packages/airflow/example_dags/subdags/subdag.py
[2021-03-28 22:56:38,826] {scheduler_job.py:641} WARNING - No viable dags retrieved from /home/airflow/.local/lib/python3.6/site-packages/airflow/example_dags/subdags/subdag.py
[2021-03-28 22:56:38,890] {scheduler_job.py:189} INFO - Processing /home/airflow/.local/lib/python3.6/site-packages/airflow/example_dags/subdags/subdag.py took 0.080 seconds
[2021-03-28 22:56:42,344] {scheduler_job.py:181} INFO - Started process (PID=1090) to work on /home/airflow/.local/lib/python3.6/site-packages/airflow/example_dags/subdags/subdag.py
[2021-03-28 22:56:42,349] {scheduler_job.py:629} INFO - Processing file /home/airflow/.local/lib/python3.6/site-packages/airflow/example_dags/subdags/subdag.py for tasks to queue
[2021-03-28 22:56:42,354] {logging_mixin.py:103} INFO - [2021-03-28 22:56:42,353] {dagbag.py:440} INFO - Filling up the DagBag from /home/airflow/.local/lib/python3.6/site-packages/airflow/example_dags/subdags/subdag.py
[2021-03-28 22:56:42,373] {scheduler_job.py:641} WARNING - No viable dags retrieved from /home/airflow/.local/lib/python3.6/site-packages/airflow/example_dags/subdags/subdag.py
[2021-03-28 22:56:42,418] {scheduler_job.py:189} INFO - Processing /home/airflow/.local/lib/python3.6/site-packages/airflow/example_dags/subdags/subdag.py took 0.082 seconds
[2021-03-28 22:56:45,231] {scheduler_job.py:181} INFO - Started process (PID=1115) to work on /home/airflow/.local/lib/python3.6/site-packages/airflow/example_dags/subdags/subdag.py
[2021-03-28 22:56:45,238] {scheduler_job.py:629} INFO - Processing file /home/airflow/.local/lib/python3.6/site-packages/airflow/example_dags/subdags/subdag.py for tasks to queue
[2021-03-28 22:56:45,248] {logging_mixin.py:103} INFO - [2021-03-28 22:56:45,247] {dagbag.py:440} INFO - Filling up the DagBag from /home/airflow/.local/lib/python3.6/site-packages/airflow/example_dags/subdags/subdag.py
[2021-03-28 22:56:45,260] {scheduler_job.py:641} WARNING - No viable dags retrieved from /home/airflow/.local/lib/python3.6/site-packages/airflow/example_dags/subdags/subdag.py
[2021-03-28 22:56:45,294] {scheduler_job.py:189} INFO - Processing /home/airflow/.local/lib/python3.6/site-packages/airflow/example_dags/subdags/subdag.py took 0.072 seconds
[2021-03-28 22:56:51,780] {scheduler_job.py:181} INFO - Started process (PID=1142) to work on /home/airflow/.local/lib/python3.6/site-packages/airflow/example_dags/subdags/subdag.py
[2021-03-28 22:56:51,782] {scheduler_job.py:629} INFO - Processing file /home/airflow/.local/lib/python3.6/site-packages/airflow/example_dags/subdags/subdag.py for tasks to queue
[2021-03-28 22:56:51,784] {logging_mixin.py:103} INFO - [2021-03-28 22:56:51,783] {dagbag.py:440} INFO - Filling up the DagBag from /home/airflow/.local/lib/python3.6/site-packages/airflow/example_dags/subdags/subdag.py
[2021-03-28 22:56:51,790] {scheduler_job.py:641} WARNING - No viable dags retrieved from /home/airflow/.local/lib/python3.6/site-packages/airflow/example_dags/subdags/subdag.py
[2021-03-28 22:56:51,809] {scheduler_job.py:189} INFO - Processing /home/airflow/.local/lib/python3.6/site-packages/airflow/example_dags/subdags/subdag.py took 0.036 seconds
[2021-03-28 22:56:53,684] {scheduler_job.py:181} INFO - Started process (PID=1167) to work on /home/airflow/.local/lib/python3.6/site-packages/airflow/example_dags/subdags/subdag.py
[2021-03-28 22:56:53,689] {scheduler_job.py:629} INFO - Processing file /home/airflow/.local/lib/python3.6/site-packages/airflow/example_dags/subdags/subdag.py for tasks to queue
[2021-03-28 22:56:53,691] {logging_mixin.py:103} INFO - [2021-03-28 22:56:53,691] {dagbag.py:440} INFO - Filling up the DagBag from /home/airflow/.local/lib/python3.6/site-packages/airflow/example_dags/subdags/subdag.py
[2021-03-28 22:56:53,695] {scheduler_job.py:641} WARNING - No viable dags retrieved from /home/airflow/.local/lib/python3.6/site-packages/airflow/example_dags/subdags/subdag.py
[2021-03-28 22:56:53,713] {scheduler_job.py:189} INFO - Processing /home/airflow/.local/lib/python3.6/site-packages/airflow/example_dags/subdags/subdag.py took 0.033 seconds
[2021-03-28 22:56:56,225] {scheduler_job.py:181} INFO - Started process (PID=1194) to work on /home/airflow/.local/lib/python3.6/site-packages/airflow/example_dags/subdags/subdag.py
[2021-03-28 22:56:56,233] {scheduler_job.py:629} INFO - Processing file /home/airflow/.local/lib/python3.6/site-packages/airflow/example_dags/subdags/subdag.py for tasks to queue
[2021-03-28 22:56:56,236] {logging_mixin.py:103} INFO - [2021-03-28 22:56:56,235] {dagbag.py:440} INFO - Filling up the DagBag from /home/airflow/.local/lib/python3.6/site-packages/airflow/example_dags/subdags/subdag.py
[2021-03-28 22:56:56,243] {scheduler_job.py:641} WARNING - No viable dags retrieved from /home/airflow/.local/lib/python3.6/site-packages/airflow/example_dags/subdags/subdag.py
[2021-03-28 22:56:56,273] {scheduler_job.py:189} INFO - Processing /home/airflow/.local/lib/python3.6/site-packages/airflow/example_dags/subdags/subdag.py took 0.055 seconds
[2021-03-28 22:57:00,638] {scheduler_job.py:181} INFO - Started process (PID=1246) to work on /home/airflow/.local/lib/python3.6/site-packages/airflow/example_dags/subdags/subdag.py
[2021-03-28 22:57:00,641] {scheduler_job.py:629} INFO - Processing file /home/airflow/.local/lib/python3.6/site-packages/airflow/example_dags/subdags/subdag.py for tasks to queue
[2021-03-28 22:57:00,643] {logging_mixin.py:103} INFO - [2021-03-28 22:57:00,643] {dagbag.py:440} INFO - Filling up the DagBag from /home/airflow/.local/lib/python3.6/site-packages/airflow/example_dags/subdags/subdag.py
[2021-03-28 22:57:00,655] {scheduler_job.py:641} WARNING - No viable dags retrieved from /home/airflow/.local/lib/python3.6/site-packages/airflow/example_dags/subdags/subdag.py
[2021-03-28 22:57:00,695] {scheduler_job.py:189} INFO - Processing /home/airflow/.local/lib/python3.6/site-packages/airflow/example_dags/subdags/subdag.py took 0.062 seconds
[2021-03-28 22:57:04,395] {scheduler_job.py:181} INFO - Started process (PID=1297) to work on /home/airflow/.local/lib/python3.6/site-packages/airflow/example_dags/subdags/subdag.py
[2021-03-28 22:57:04,399] {scheduler_job.py:629} INFO - Processing file /home/airflow/.local/lib/python3.6/site-packages/airflow/example_dags/subdags/subdag.py for tasks to queue
[2021-03-28 22:57:04,401] {logging_mixin.py:103} INFO - [2021-03-28 22:57:04,401] {dagbag.py:440} INFO - Filling up the DagBag from /home/airflow/.local/lib/python3.6/site-packages/airflow/example_dags/subdags/subdag.py
[2021-03-28 22:57:04,408] {scheduler_job.py:641} WARNING - No viable dags retrieved from /home/airflow/.local/lib/python3.6/site-packages/airflow/example_dags/subdags/subdag.py
[2021-03-28 22:57:04,430] {scheduler_job.py:189} INFO - Processing /home/airflow/.local/lib/python3.6/site-packages/airflow/example_dags/subdags/subdag.py took 0.044 seconds
[2021-03-28 22:57:06,584] {scheduler_job.py:181} INFO - Started process (PID=1324) to work on /home/airflow/.local/lib/python3.6/site-packages/airflow/example_dags/subdags/subdag.py
[2021-03-28 22:57:06,588] {scheduler_job.py:629} INFO - Processing file /home/airflow/.local/lib/python3.6/site-packages/airflow/example_dags/subdags/subdag.py for tasks to queue
[2021-03-28 22:57:06,594] {logging_mixin.py:103} INFO - [2021-03-28 22:57:06,593] {dagbag.py:440} INFO - Filling up the DagBag from /home/airflow/.local/lib/python3.6/site-packages/airflow/example_dags/subdags/subdag.py
[2021-03-28 22:57:06,599] {scheduler_job.py:641} WARNING - No viable dags retrieved from /home/airflow/.local/lib/python3.6/site-packages/airflow/example_dags/subdags/subdag.py
[2021-03-28 22:57:06,622] {scheduler_job.py:189} INFO - Processing /home/airflow/.local/lib/python3.6/site-packages/airflow/example_dags/subdags/subdag.py took 0.043 seconds
[2021-03-28 22:57:09,245] {scheduler_job.py:181} INFO - Started process (PID=1349) to work on /home/airflow/.local/lib/python3.6/site-packages/airflow/example_dags/subdags/subdag.py
[2021-03-28 22:57:09,252] {scheduler_job.py:629} INFO - Processing file /home/airflow/.local/lib/python3.6/site-packages/airflow/example_dags/subdags/subdag.py for tasks to queue
[2021-03-28 22:57:09,256] {logging_mixin.py:103} INFO - [2021-03-28 22:57:09,256] {dagbag.py:440} INFO - Filling up the DagBag from /home/airflow/.local/lib/python3.6/site-packages/airflow/example_dags/subdags/subdag.py
[2021-03-28 22:57:09,262] {scheduler_job.py:641} WARNING - No viable dags retrieved from /home/airflow/.local/lib/python3.6/site-packages/airflow/example_dags/subdags/subdag.py
[2021-03-28 22:57:09,290] {scheduler_job.py:189} INFO - Processing /home/airflow/.local/lib/python3.6/site-packages/airflow/example_dags/subdags/subdag.py took 0.052 seconds
[2021-03-28 22:57:12,407] {scheduler_job.py:181} INFO - Started process (PID=1376) to work on /home/airflow/.local/lib/python3.6/site-packages/airflow/example_dags/subdags/subdag.py
[2021-03-28 22:57:12,418] {scheduler_job.py:629} INFO - Processing file /home/airflow/.local/lib/python3.6/site-packages/airflow/example_dags/subdags/subdag.py for tasks to queue
[2021-03-28 22:57:12,421] {logging_mixin.py:103} INFO - [2021-03-28 22:57:12,419] {dagbag.py:440} INFO - Filling up the DagBag from /home/airflow/.local/lib/python3.6/site-packages/airflow/example_dags/subdags/subdag.py
[2021-03-28 22:57:12,425] {scheduler_job.py:641} WARNING - No viable dags retrieved from /home/airflow/.local/lib/python3.6/site-packages/airflow/example_dags/subdags/subdag.py
[2021-03-28 22:57:12,459] {scheduler_job.py:189} INFO - Processing /home/airflow/.local/lib/python3.6/site-packages/airflow/example_dags/subdags/subdag.py took 0.066 seconds
[2021-03-28 22:57:18,016] {scheduler_job.py:181} INFO - Started process (PID=1428) to work on /home/airflow/.local/lib/python3.6/site-packages/airflow/example_dags/subdags/subdag.py
[2021-03-28 22:57:18,019] {scheduler_job.py:629} INFO - Processing file /home/airflow/.local/lib/python3.6/site-packages/airflow/example_dags/subdags/subdag.py for tasks to queue
[2021-03-28 22:57:18,023] {logging_mixin.py:103} INFO - [2021-03-28 22:57:18,022] {dagbag.py:440} INFO - Filling up the DagBag from /home/airflow/.local/lib/python3.6/site-packages/airflow/example_dags/subdags/subdag.py
[2021-03-28 22:57:18,030] {scheduler_job.py:641} WARNING - No viable dags retrieved from /home/airflow/.local/lib/python3.6/site-packages/airflow/example_dags/subdags/subdag.py
[2021-03-28 22:57:18,054] {scheduler_job.py:189} INFO - Processing /home/airflow/.local/lib/python3.6/site-packages/airflow/example_dags/subdags/subdag.py took 0.044 seconds
[2021-03-28 22:57:21,267] {scheduler_job.py:181} INFO - Started process (PID=1453) to work on /home/airflow/.local/lib/python3.6/site-packages/airflow/example_dags/subdags/subdag.py
[2021-03-28 22:57:21,271] {scheduler_job.py:629} INFO - Processing file /home/airflow/.local/lib/python3.6/site-packages/airflow/example_dags/subdags/subdag.py for tasks to queue
[2021-03-28 22:57:21,273] {logging_mixin.py:103} INFO - [2021-03-28 22:57:21,273] {dagbag.py:440} INFO - Filling up the DagBag from /home/airflow/.local/lib/python3.6/site-packages/airflow/example_dags/subdags/subdag.py
[2021-03-28 22:57:21,280] {scheduler_job.py:641} WARNING - No viable dags retrieved from /home/airflow/.local/lib/python3.6/site-packages/airflow/example_dags/subdags/subdag.py
[2021-03-28 22:57:21,316] {scheduler_job.py:189} INFO - Processing /home/airflow/.local/lib/python3.6/site-packages/airflow/example_dags/subdags/subdag.py took 0.056 seconds
[2021-03-28 22:57:24,196] {scheduler_job.py:181} INFO - Started process (PID=1480) to work on /home/airflow/.local/lib/python3.6/site-packages/airflow/example_dags/subdags/subdag.py
[2021-03-28 22:57:24,200] {scheduler_job.py:629} INFO - Processing file /home/airflow/.local/lib/python3.6/site-packages/airflow/example_dags/subdags/subdag.py for tasks to queue
[2021-03-28 22:57:24,203] {logging_mixin.py:103} INFO - [2021-03-28 22:57:24,202] {dagbag.py:440} INFO - Filling up the DagBag from /home/airflow/.local/lib/python3.6/site-packages/airflow/example_dags/subdags/subdag.py
[2021-03-28 22:57:24,207] {scheduler_job.py:641} WARNING - No viable dags retrieved from /home/airflow/.local/lib/python3.6/site-packages/airflow/example_dags/subdags/subdag.py
[2021-03-28 22:57:24,227] {scheduler_job.py:189} INFO - Processing /home/airflow/.local/lib/python3.6/site-packages/airflow/example_dags/subdags/subdag.py took 0.035 seconds
[2021-03-28 22:57:29,881] {scheduler_job.py:181} INFO - Started process (PID=1532) to work on /home/airflow/.local/lib/python3.6/site-packages/airflow/example_dags/subdags/subdag.py
[2021-03-28 22:57:29,885] {scheduler_job.py:629} INFO - Processing file /home/airflow/.local/lib/python3.6/site-packages/airflow/example_dags/subdags/subdag.py for tasks to queue
[2021-03-28 22:57:29,887] {logging_mixin.py:103} INFO - [2021-03-28 22:57:29,886] {dagbag.py:440} INFO - Filling up the DagBag from /home/airflow/.local/lib/python3.6/site-packages/airflow/example_dags/subdags/subdag.py
[2021-03-28 22:57:29,899] {scheduler_job.py:641} WARNING - No viable dags retrieved from /home/airflow/.local/lib/python3.6/site-packages/airflow/example_dags/subdags/subdag.py
[2021-03-28 22:57:29,931] {scheduler_job.py:189} INFO - Processing /home/airflow/.local/lib/python3.6/site-packages/airflow/example_dags/subdags/subdag.py took 0.057 seconds
[2021-03-28 22:57:33,003] {scheduler_job.py:181} INFO - Started process (PID=1557) to work on /home/airflow/.local/lib/python3.6/site-packages/airflow/example_dags/subdags/subdag.py
[2021-03-28 22:57:33,009] {scheduler_job.py:629} INFO - Processing file /home/airflow/.local/lib/python3.6/site-packages/airflow/example_dags/subdags/subdag.py for tasks to queue
[2021-03-28 22:57:33,011] {logging_mixin.py:103} INFO - [2021-03-28 22:57:33,011] {dagbag.py:440} INFO - Filling up the DagBag from /home/airflow/.local/lib/python3.6/site-packages/airflow/example_dags/subdags/subdag.py
[2021-03-28 22:57:33,017] {scheduler_job.py:641} WARNING - No viable dags retrieved from /home/airflow/.local/lib/python3.6/site-packages/airflow/example_dags/subdags/subdag.py
[2021-03-28 22:57:33,040] {scheduler_job.py:189} INFO - Processing /home/airflow/.local/lib/python3.6/site-packages/airflow/example_dags/subdags/subdag.py took 0.044 seconds
[2021-03-28 22:57:37,056] {scheduler_job.py:181} INFO - Started process (PID=1584) to work on /home/airflow/.local/lib/python3.6/site-packages/airflow/example_dags/subdags/subdag.py
[2021-03-28 22:57:37,058] {scheduler_job.py:629} INFO - Processing file /home/airflow/.local/lib/python3.6/site-packages/airflow/example_dags/subdags/subdag.py for tasks to queue
[2021-03-28 22:57:37,060] {logging_mixin.py:103} INFO - [2021-03-28 22:57:37,060] {dagbag.py:440} INFO - Filling up the DagBag from /home/airflow/.local/lib/python3.6/site-packages/airflow/example_dags/subdags/subdag.py
[2021-03-28 22:57:37,074] {scheduler_job.py:641} WARNING - No viable dags retrieved from /home/airflow/.local/lib/python3.6/site-packages/airflow/example_dags/subdags/subdag.py
[2021-03-28 22:57:37,115] {scheduler_job.py:189} INFO - Processing /home/airflow/.local/lib/python3.6/site-packages/airflow/example_dags/subdags/subdag.py took 0.071 seconds
[2021-03-28 22:57:43,657] {scheduler_job.py:181} INFO - Started process (PID=1636) to work on /home/airflow/.local/lib/python3.6/site-packages/airflow/example_dags/subdags/subdag.py
[2021-03-28 22:57:43,660] {scheduler_job.py:629} INFO - Processing file /home/airflow/.local/lib/python3.6/site-packages/airflow/example_dags/subdags/subdag.py for tasks to queue
[2021-03-28 22:57:43,665] {logging_mixin.py:103} INFO - [2021-03-28 22:57:43,665] {dagbag.py:440} INFO - Filling up the DagBag from /home/airflow/.local/lib/python3.6/site-packages/airflow/example_dags/subdags/subdag.py
[2021-03-28 22:57:43,674] {scheduler_job.py:641} WARNING - No viable dags retrieved from /home/airflow/.local/lib/python3.6/site-packages/airflow/example_dags/subdags/subdag.py
[2021-03-28 22:57:43,701] {scheduler_job.py:189} INFO - Processing /home/airflow/.local/lib/python3.6/site-packages/airflow/example_dags/subdags/subdag.py took 0.061 seconds
[2021-03-28 22:57:46,888] {scheduler_job.py:181} INFO - Started process (PID=1661) to work on /home/airflow/.local/lib/python3.6/site-packages/airflow/example_dags/subdags/subdag.py
[2021-03-28 22:57:46,895] {scheduler_job.py:629} INFO - Processing file /home/airflow/.local/lib/python3.6/site-packages/airflow/example_dags/subdags/subdag.py for tasks to queue
[2021-03-28 22:57:46,904] {logging_mixin.py:103} INFO - [2021-03-28 22:57:46,899] {dagbag.py:440} INFO - Filling up the DagBag from /home/airflow/.local/lib/python3.6/site-packages/airflow/example_dags/subdags/subdag.py
[2021-03-28 22:57:46,914] {scheduler_job.py:641} WARNING - No viable dags retrieved from /home/airflow/.local/lib/python3.6/site-packages/airflow/example_dags/subdags/subdag.py
[2021-03-28 22:57:46,973] {scheduler_job.py:189} INFO - Processing /home/airflow/.local/lib/python3.6/site-packages/airflow/example_dags/subdags/subdag.py took 0.091 seconds
[2021-03-28 22:57:50,094] {scheduler_job.py:181} INFO - Started process (PID=1688) to work on /home/airflow/.local/lib/python3.6/site-packages/airflow/example_dags/subdags/subdag.py
[2021-03-28 22:57:50,096] {scheduler_job.py:629} INFO - Processing file /home/airflow/.local/lib/python3.6/site-packages/airflow/example_dags/subdags/subdag.py for tasks to queue
[2021-03-28 22:57:50,102] {logging_mixin.py:103} INFO - [2021-03-28 22:57:50,102] {dagbag.py:440} INFO - Filling up the DagBag from /home/airflow/.local/lib/python3.6/site-packages/airflow/example_dags/subdags/subdag.py
[2021-03-28 22:57:50,111] {scheduler_job.py:641} WARNING - No viable dags retrieved from /home/airflow/.local/lib/python3.6/site-packages/airflow/example_dags/subdags/subdag.py
[2021-03-28 22:57:50,142] {scheduler_job.py:189} INFO - Processing /home/airflow/.local/lib/python3.6/site-packages/airflow/example_dags/subdags/subdag.py took 0.052 seconds
[2021-03-28 22:57:52,903] {scheduler_job.py:181} INFO - Started process (PID=1713) to work on /home/airflow/.local/lib/python3.6/site-packages/airflow/example_dags/subdags/subdag.py
[2021-03-28 22:57:52,905] {scheduler_job.py:629} INFO - Processing file /home/airflow/.local/lib/python3.6/site-packages/airflow/example_dags/subdags/subdag.py for tasks to queue
[2021-03-28 22:57:52,907] {logging_mixin.py:103} INFO - [2021-03-28 22:57:52,907] {dagbag.py:440} INFO - Filling up the DagBag from /home/airflow/.local/lib/python3.6/site-packages/airflow/example_dags/subdags/subdag.py
[2021-03-28 22:57:52,910] {scheduler_job.py:641} WARNING - No viable dags retrieved from /home/airflow/.local/lib/python3.6/site-packages/airflow/example_dags/subdags/subdag.py
[2021-03-28 22:57:52,940] {scheduler_job.py:189} INFO - Processing /home/airflow/.local/lib/python3.6/site-packages/airflow/example_dags/subdags/subdag.py took 0.041 seconds
[2021-03-28 22:57:55,550] {scheduler_job.py:181} INFO - Started process (PID=1740) to work on /home/airflow/.local/lib/python3.6/site-packages/airflow/example_dags/subdags/subdag.py
[2021-03-28 22:57:55,553] {scheduler_job.py:629} INFO - Processing file /home/airflow/.local/lib/python3.6/site-packages/airflow/example_dags/subdags/subdag.py for tasks to queue
[2021-03-28 22:57:55,562] {logging_mixin.py:103} INFO - [2021-03-28 22:57:55,562] {dagbag.py:440} INFO - Filling up the DagBag from /home/airflow/.local/lib/python3.6/site-packages/airflow/example_dags/subdags/subdag.py
[2021-03-28 22:57:55,567] {scheduler_job.py:641} WARNING - No viable dags retrieved from /home/airflow/.local/lib/python3.6/site-packages/airflow/example_dags/subdags/subdag.py
[2021-03-28 22:57:55,605] {scheduler_job.py:189} INFO - Processing /home/airflow/.local/lib/python3.6/site-packages/airflow/example_dags/subdags/subdag.py took 0.059 seconds
[2021-03-28 22:58:01,233] {scheduler_job.py:181} INFO - Started process (PID=1792) to work on /home/airflow/.local/lib/python3.6/site-packages/airflow/example_dags/subdags/subdag.py
[2021-03-28 22:58:01,235] {scheduler_job.py:629} INFO - Processing file /home/airflow/.local/lib/python3.6/site-packages/airflow/example_dags/subdags/subdag.py for tasks to queue
[2021-03-28 22:58:01,237] {logging_mixin.py:103} INFO - [2021-03-28 22:58:01,237] {dagbag.py:440} INFO - Filling up the DagBag from /home/airflow/.local/lib/python3.6/site-packages/airflow/example_dags/subdags/subdag.py
[2021-03-28 22:58:01,245] {scheduler_job.py:641} WARNING - No viable dags retrieved from /home/airflow/.local/lib/python3.6/site-packages/airflow/example_dags/subdags/subdag.py
[2021-03-28 22:58:01,264] {scheduler_job.py:189} INFO - Processing /home/airflow/.local/lib/python3.6/site-packages/airflow/example_dags/subdags/subdag.py took 0.036 seconds
[2021-03-28 22:58:03,139] {scheduler_job.py:181} INFO - Started process (PID=1817) to work on /home/airflow/.local/lib/python3.6/site-packages/airflow/example_dags/subdags/subdag.py
[2021-03-28 22:58:03,141] {scheduler_job.py:629} INFO - Processing file /home/airflow/.local/lib/python3.6/site-packages/airflow/example_dags/subdags/subdag.py for tasks to queue
[2021-03-28 22:58:03,143] {logging_mixin.py:103} INFO - [2021-03-28 22:58:03,143] {dagbag.py:440} INFO - Filling up the DagBag from /home/airflow/.local/lib/python3.6/site-packages/airflow/example_dags/subdags/subdag.py
[2021-03-28 22:58:03,148] {scheduler_job.py:641} WARNING - No viable dags retrieved from /home/airflow/.local/lib/python3.6/site-packages/airflow/example_dags/subdags/subdag.py
[2021-03-28 22:58:03,172] {scheduler_job.py:189} INFO - Processing /home/airflow/.local/lib/python3.6/site-packages/airflow/example_dags/subdags/subdag.py took 0.039 seconds
[2021-03-28 22:58:06,087] {scheduler_job.py:181} INFO - Started process (PID=1844) to work on /home/airflow/.local/lib/python3.6/site-packages/airflow/example_dags/subdags/subdag.py
[2021-03-28 22:58:06,089] {scheduler_job.py:629} INFO - Processing file /home/airflow/.local/lib/python3.6/site-packages/airflow/example_dags/subdags/subdag.py for tasks to queue
[2021-03-28 22:58:06,091] {logging_mixin.py:103} INFO - [2021-03-28 22:58:06,090] {dagbag.py:440} INFO - Filling up the DagBag from /home/airflow/.local/lib/python3.6/site-packages/airflow/example_dags/subdags/subdag.py
[2021-03-28 22:58:06,095] {scheduler_job.py:641} WARNING - No viable dags retrieved from /home/airflow/.local/lib/python3.6/site-packages/airflow/example_dags/subdags/subdag.py
[2021-03-28 22:58:06,116] {scheduler_job.py:189} INFO - Processing /home/airflow/.local/lib/python3.6/site-packages/airflow/example_dags/subdags/subdag.py took 0.033 seconds
[2021-03-28 22:58:12,431] {scheduler_job.py:181} INFO - Started process (PID=1896) to work on /home/airflow/.local/lib/python3.6/site-packages/airflow/example_dags/subdags/subdag.py
[2021-03-28 22:58:12,434] {scheduler_job.py:629} INFO - Processing file /home/airflow/.local/lib/python3.6/site-packages/airflow/example_dags/subdags/subdag.py for tasks to queue
[2021-03-28 22:58:12,439] {logging_mixin.py:103} INFO - [2021-03-28 22:58:12,439] {dagbag.py:440} INFO - Filling up the DagBag from /home/airflow/.local/lib/python3.6/site-packages/airflow/example_dags/subdags/subdag.py
[2021-03-28 22:58:12,455] {scheduler_job.py:641} WARNING - No viable dags retrieved from /home/airflow/.local/lib/python3.6/site-packages/airflow/example_dags/subdags/subdag.py
[2021-03-28 22:58:12,490] {scheduler_job.py:189} INFO - Processing /home/airflow/.local/lib/python3.6/site-packages/airflow/example_dags/subdags/subdag.py took 0.071 seconds
[2021-03-28 22:58:15,601] {scheduler_job.py:181} INFO - Started process (PID=1921) to work on /home/airflow/.local/lib/python3.6/site-packages/airflow/example_dags/subdags/subdag.py
[2021-03-28 22:58:15,604] {scheduler_job.py:629} INFO - Processing file /home/airflow/.local/lib/python3.6/site-packages/airflow/example_dags/subdags/subdag.py for tasks to queue
[2021-03-28 22:58:15,606] {logging_mixin.py:103} INFO - [2021-03-28 22:58:15,606] {dagbag.py:440} INFO - Filling up the DagBag from /home/airflow/.local/lib/python3.6/site-packages/airflow/example_dags/subdags/subdag.py
[2021-03-28 22:58:15,617] {scheduler_job.py:641} WARNING - No viable dags retrieved from /home/airflow/.local/lib/python3.6/site-packages/airflow/example_dags/subdags/subdag.py
[2021-03-28 22:58:15,639] {scheduler_job.py:189} INFO - Processing /home/airflow/.local/lib/python3.6/site-packages/airflow/example_dags/subdags/subdag.py took 0.052 seconds
[2021-03-28 22:58:18,728] {scheduler_job.py:181} INFO - Started process (PID=1948) to work on /home/airflow/.local/lib/python3.6/site-packages/airflow/example_dags/subdags/subdag.py
[2021-03-28 22:58:18,731] {scheduler_job.py:629} INFO - Processing file /home/airflow/.local/lib/python3.6/site-packages/airflow/example_dags/subdags/subdag.py for tasks to queue
[2021-03-28 22:58:18,734] {logging_mixin.py:103} INFO - [2021-03-28 22:58:18,733] {dagbag.py:440} INFO - Filling up the DagBag from /home/airflow/.local/lib/python3.6/site-packages/airflow/example_dags/subdags/subdag.py
[2021-03-28 22:58:18,741] {scheduler_job.py:641} WARNING - No viable dags retrieved from /home/airflow/.local/lib/python3.6/site-packages/airflow/example_dags/subdags/subdag.py
[2021-03-28 22:58:18,769] {scheduler_job.py:189} INFO - Processing /home/airflow/.local/lib/python3.6/site-packages/airflow/example_dags/subdags/subdag.py took 0.049 seconds
[2021-03-28 22:58:23,280] {scheduler_job.py:181} INFO - Started process (PID=2000) to work on /home/airflow/.local/lib/python3.6/site-packages/airflow/example_dags/subdags/subdag.py
[2021-03-28 22:58:23,283] {scheduler_job.py:629} INFO - Processing file /home/airflow/.local/lib/python3.6/site-packages/airflow/example_dags/subdags/subdag.py for tasks to queue
[2021-03-28 22:58:23,284] {logging_mixin.py:103} INFO - [2021-03-28 22:58:23,284] {dagbag.py:440} INFO - Filling up the DagBag from /home/airflow/.local/lib/python3.6/site-packages/airflow/example_dags/subdags/subdag.py
[2021-03-28 22:58:23,288] {scheduler_job.py:641} WARNING - No viable dags retrieved from /home/airflow/.local/lib/python3.6/site-packages/airflow/example_dags/subdags/subdag.py
[2021-03-28 22:58:23,307] {scheduler_job.py:189} INFO - Processing /home/airflow/.local/lib/python3.6/site-packages/airflow/example_dags/subdags/subdag.py took 0.033 seconds
[2021-03-28 22:58:26,900] {scheduler_job.py:181} INFO - Started process (PID=2025) to work on /home/airflow/.local/lib/python3.6/site-packages/airflow/example_dags/subdags/subdag.py
[2021-03-28 22:58:26,903] {scheduler_job.py:629} INFO - Processing file /home/airflow/.local/lib/python3.6/site-packages/airflow/example_dags/subdags/subdag.py for tasks to queue
[2021-03-28 22:58:26,906] {logging_mixin.py:103} INFO - [2021-03-28 22:58:26,906] {dagbag.py:440} INFO - Filling up the DagBag from /home/airflow/.local/lib/python3.6/site-packages/airflow/example_dags/subdags/subdag.py
[2021-03-28 22:58:26,922] {scheduler_job.py:641} WARNING - No viable dags retrieved from /home/airflow/.local/lib/python3.6/site-packages/airflow/example_dags/subdags/subdag.py
[2021-03-28 22:58:26,957] {scheduler_job.py:189} INFO - Processing /home/airflow/.local/lib/python3.6/site-packages/airflow/example_dags/subdags/subdag.py took 0.063 seconds
[2021-03-28 22:58:30,051] {scheduler_job.py:181} INFO - Started process (PID=2052) to work on /home/airflow/.local/lib/python3.6/site-packages/airflow/example_dags/subdags/subdag.py
[2021-03-28 22:58:30,054] {scheduler_job.py:629} INFO - Processing file /home/airflow/.local/lib/python3.6/site-packages/airflow/example_dags/subdags/subdag.py for tasks to queue
[2021-03-28 22:58:30,056] {logging_mixin.py:103} INFO - [2021-03-28 22:58:30,056] {dagbag.py:440} INFO - Filling up the DagBag from /home/airflow/.local/lib/python3.6/site-packages/airflow/example_dags/subdags/subdag.py
[2021-03-28 22:58:30,060] {scheduler_job.py:641} WARNING - No viable dags retrieved from /home/airflow/.local/lib/python3.6/site-packages/airflow/example_dags/subdags/subdag.py
[2021-03-28 22:58:30,080] {scheduler_job.py:189} INFO - Processing /home/airflow/.local/lib/python3.6/site-packages/airflow/example_dags/subdags/subdag.py took 0.032 seconds
[2021-03-28 22:58:32,319] {scheduler_job.py:181} INFO - Started process (PID=2077) to work on /home/airflow/.local/lib/python3.6/site-packages/airflow/example_dags/subdags/subdag.py
[2021-03-28 22:58:32,322] {scheduler_job.py:629} INFO - Processing file /home/airflow/.local/lib/python3.6/site-packages/airflow/example_dags/subdags/subdag.py for tasks to queue
[2021-03-28 22:58:32,323] {logging_mixin.py:103} INFO - [2021-03-28 22:58:32,323] {dagbag.py:440} INFO - Filling up the DagBag from /home/airflow/.local/lib/python3.6/site-packages/airflow/example_dags/subdags/subdag.py
[2021-03-28 22:58:32,327] {scheduler_job.py:641} WARNING - No viable dags retrieved from /home/airflow/.local/lib/python3.6/site-packages/airflow/example_dags/subdags/subdag.py
[2021-03-28 22:58:32,349] {scheduler_job.py:189} INFO - Processing /home/airflow/.local/lib/python3.6/site-packages/airflow/example_dags/subdags/subdag.py took 0.034 seconds
[2021-03-28 22:58:36,389] {scheduler_job.py:181} INFO - Started process (PID=2104) to work on /home/airflow/.local/lib/python3.6/site-packages/airflow/example_dags/subdags/subdag.py
[2021-03-28 22:58:36,407] {scheduler_job.py:629} INFO - Processing file /home/airflow/.local/lib/python3.6/site-packages/airflow/example_dags/subdags/subdag.py for tasks to queue
[2021-03-28 22:58:36,426] {logging_mixin.py:103} INFO - [2021-03-28 22:58:36,426] {dagbag.py:440} INFO - Filling up the DagBag from /home/airflow/.local/lib/python3.6/site-packages/airflow/example_dags/subdags/subdag.py
[2021-03-28 22:58:36,440] {scheduler_job.py:641} WARNING - No viable dags retrieved from /home/airflow/.local/lib/python3.6/site-packages/airflow/example_dags/subdags/subdag.py
[2021-03-28 22:58:36,506] {scheduler_job.py:189} INFO - Processing /home/airflow/.local/lib/python3.6/site-packages/airflow/example_dags/subdags/subdag.py took 0.143 seconds
[2021-03-28 22:58:42,091] {scheduler_job.py:181} INFO - Started process (PID=2130) to work on /home/airflow/.local/lib/python3.6/site-packages/airflow/example_dags/subdags/subdag.py
[2021-03-28 22:58:42,095] {scheduler_job.py:629} INFO - Processing file /home/airflow/.local/lib/python3.6/site-packages/airflow/example_dags/subdags/subdag.py for tasks to queue
[2021-03-28 22:58:42,097] {logging_mixin.py:103} INFO - [2021-03-28 22:58:42,097] {dagbag.py:440} INFO - Filling up the DagBag from /home/airflow/.local/lib/python3.6/site-packages/airflow/example_dags/subdags/subdag.py
[2021-03-28 22:58:42,105] {scheduler_job.py:641} WARNING - No viable dags retrieved from /home/airflow/.local/lib/python3.6/site-packages/airflow/example_dags/subdags/subdag.py
[2021-03-28 22:58:42,142] {scheduler_job.py:189} INFO - Processing /home/airflow/.local/lib/python3.6/site-packages/airflow/example_dags/subdags/subdag.py took 0.069 seconds
[2021-03-28 22:58:47,694] {scheduler_job.py:181} INFO - Started process (PID=2157) to work on /home/airflow/.local/lib/python3.6/site-packages/airflow/example_dags/subdags/subdag.py
[2021-03-28 22:58:47,696] {scheduler_job.py:629} INFO - Processing file /home/airflow/.local/lib/python3.6/site-packages/airflow/example_dags/subdags/subdag.py for tasks to queue
[2021-03-28 22:58:47,701] {logging_mixin.py:103} INFO - [2021-03-28 22:58:47,701] {dagbag.py:440} INFO - Filling up the DagBag from /home/airflow/.local/lib/python3.6/site-packages/airflow/example_dags/subdags/subdag.py
[2021-03-28 22:58:47,712] {scheduler_job.py:641} WARNING - No viable dags retrieved from /home/airflow/.local/lib/python3.6/site-packages/airflow/example_dags/subdags/subdag.py
[2021-03-28 22:58:47,749] {scheduler_job.py:189} INFO - Processing /home/airflow/.local/lib/python3.6/site-packages/airflow/example_dags/subdags/subdag.py took 0.068 seconds
[2021-03-28 22:58:51,026] {scheduler_job.py:181} INFO - Started process (PID=2182) to work on /home/airflow/.local/lib/python3.6/site-packages/airflow/example_dags/subdags/subdag.py
[2021-03-28 22:58:51,028] {scheduler_job.py:629} INFO - Processing file /home/airflow/.local/lib/python3.6/site-packages/airflow/example_dags/subdags/subdag.py for tasks to queue
[2021-03-28 22:58:51,033] {logging_mixin.py:103} INFO - [2021-03-28 22:58:51,033] {dagbag.py:440} INFO - Filling up the DagBag from /home/airflow/.local/lib/python3.6/site-packages/airflow/example_dags/subdags/subdag.py
[2021-03-28 22:58:51,047] {scheduler_job.py:641} WARNING - No viable dags retrieved from /home/airflow/.local/lib/python3.6/site-packages/airflow/example_dags/subdags/subdag.py
[2021-03-28 22:58:51,110] {scheduler_job.py:189} INFO - Processing /home/airflow/.local/lib/python3.6/site-packages/airflow/example_dags/subdags/subdag.py took 0.099 seconds
[2021-03-28 22:58:53,767] {scheduler_job.py:181} INFO - Started process (PID=2209) to work on /home/airflow/.local/lib/python3.6/site-packages/airflow/example_dags/subdags/subdag.py
[2021-03-28 22:58:53,769] {scheduler_job.py:629} INFO - Processing file /home/airflow/.local/lib/python3.6/site-packages/airflow/example_dags/subdags/subdag.py for tasks to queue
[2021-03-28 22:58:53,770] {logging_mixin.py:103} INFO - [2021-03-28 22:58:53,770] {dagbag.py:440} INFO - Filling up the DagBag from /home/airflow/.local/lib/python3.6/site-packages/airflow/example_dags/subdags/subdag.py
[2021-03-28 22:58:53,775] {scheduler_job.py:641} WARNING - No viable dags retrieved from /home/airflow/.local/lib/python3.6/site-packages/airflow/example_dags/subdags/subdag.py
[2021-03-28 22:58:53,799] {scheduler_job.py:189} INFO - Processing /home/airflow/.local/lib/python3.6/site-packages/airflow/example_dags/subdags/subdag.py took 0.037 seconds
[2021-03-28 22:58:59,652] {scheduler_job.py:181} INFO - Started process (PID=2261) to work on /home/airflow/.local/lib/python3.6/site-packages/airflow/example_dags/subdags/subdag.py
[2021-03-28 22:58:59,655] {scheduler_job.py:629} INFO - Processing file /home/airflow/.local/lib/python3.6/site-packages/airflow/example_dags/subdags/subdag.py for tasks to queue
[2021-03-28 22:58:59,657] {logging_mixin.py:103} INFO - [2021-03-28 22:58:59,656] {dagbag.py:440} INFO - Filling up the DagBag from /home/airflow/.local/lib/python3.6/site-packages/airflow/example_dags/subdags/subdag.py
[2021-03-28 22:58:59,662] {scheduler_job.py:641} WARNING - No viable dags retrieved from /home/airflow/.local/lib/python3.6/site-packages/airflow/example_dags/subdags/subdag.py
[2021-03-28 22:58:59,685] {scheduler_job.py:189} INFO - Processing /home/airflow/.local/lib/python3.6/site-packages/airflow/example_dags/subdags/subdag.py took 0.040 seconds
[2021-03-28 22:59:02,025] {scheduler_job.py:181} INFO - Started process (PID=2287) to work on /home/airflow/.local/lib/python3.6/site-packages/airflow/example_dags/subdags/subdag.py
[2021-03-28 22:59:02,030] {scheduler_job.py:629} INFO - Processing file /home/airflow/.local/lib/python3.6/site-packages/airflow/example_dags/subdags/subdag.py for tasks to queue
[2021-03-28 22:59:02,035] {logging_mixin.py:103} INFO - [2021-03-28 22:59:02,035] {dagbag.py:440} INFO - Filling up the DagBag from /home/airflow/.local/lib/python3.6/site-packages/airflow/example_dags/subdags/subdag.py
[2021-03-28 22:59:02,049] {scheduler_job.py:641} WARNING - No viable dags retrieved from /home/airflow/.local/lib/python3.6/site-packages/airflow/example_dags/subdags/subdag.py
[2021-03-28 22:59:02,067] {scheduler_job.py:189} INFO - Processing /home/airflow/.local/lib/python3.6/site-packages/airflow/example_dags/subdags/subdag.py took 0.051 seconds
[2021-03-28 22:59:04,362] {scheduler_job.py:181} INFO - Started process (PID=2314) to work on /home/airflow/.local/lib/python3.6/site-packages/airflow/example_dags/subdags/subdag.py
[2021-03-28 22:59:04,365] {scheduler_job.py:629} INFO - Processing file /home/airflow/.local/lib/python3.6/site-packages/airflow/example_dags/subdags/subdag.py for tasks to queue
[2021-03-28 22:59:04,368] {logging_mixin.py:103} INFO - [2021-03-28 22:59:04,368] {dagbag.py:440} INFO - Filling up the DagBag from /home/airflow/.local/lib/python3.6/site-packages/airflow/example_dags/subdags/subdag.py
[2021-03-28 22:59:04,377] {scheduler_job.py:641} WARNING - No viable dags retrieved from /home/airflow/.local/lib/python3.6/site-packages/airflow/example_dags/subdags/subdag.py
[2021-03-28 22:59:04,406] {scheduler_job.py:189} INFO - Processing /home/airflow/.local/lib/python3.6/site-packages/airflow/example_dags/subdags/subdag.py took 0.051 seconds
[2021-03-28 22:59:09,697] {scheduler_job.py:181} INFO - Started process (PID=2366) to work on /home/airflow/.local/lib/python3.6/site-packages/airflow/example_dags/subdags/subdag.py
[2021-03-28 22:59:09,702] {scheduler_job.py:629} INFO - Processing file /home/airflow/.local/lib/python3.6/site-packages/airflow/example_dags/subdags/subdag.py for tasks to queue
[2021-03-28 22:59:09,704] {logging_mixin.py:103} INFO - [2021-03-28 22:59:09,704] {dagbag.py:440} INFO - Filling up the DagBag from /home/airflow/.local/lib/python3.6/site-packages/airflow/example_dags/subdags/subdag.py
[2021-03-28 22:59:09,708] {scheduler_job.py:641} WARNING - No viable dags retrieved from /home/airflow/.local/lib/python3.6/site-packages/airflow/example_dags/subdags/subdag.py
[2021-03-28 22:59:09,746] {scheduler_job.py:189} INFO - Processing /home/airflow/.local/lib/python3.6/site-packages/airflow/example_dags/subdags/subdag.py took 0.061 seconds
[2021-03-28 22:59:12,752] {scheduler_job.py:181} INFO - Started process (PID=2391) to work on /home/airflow/.local/lib/python3.6/site-packages/airflow/example_dags/subdags/subdag.py
[2021-03-28 22:59:12,760] {scheduler_job.py:629} INFO - Processing file /home/airflow/.local/lib/python3.6/site-packages/airflow/example_dags/subdags/subdag.py for tasks to queue
[2021-03-28 22:59:12,764] {logging_mixin.py:103} INFO - [2021-03-28 22:59:12,763] {dagbag.py:440} INFO - Filling up the DagBag from /home/airflow/.local/lib/python3.6/site-packages/airflow/example_dags/subdags/subdag.py
[2021-03-28 22:59:12,769] {scheduler_job.py:641} WARNING - No viable dags retrieved from /home/airflow/.local/lib/python3.6/site-packages/airflow/example_dags/subdags/subdag.py
[2021-03-28 22:59:12,804] {scheduler_job.py:189} INFO - Processing /home/airflow/.local/lib/python3.6/site-packages/airflow/example_dags/subdags/subdag.py took 0.055 seconds
[2021-03-28 22:59:15,693] {scheduler_job.py:181} INFO - Started process (PID=2418) to work on /home/airflow/.local/lib/python3.6/site-packages/airflow/example_dags/subdags/subdag.py
[2021-03-28 22:59:15,698] {scheduler_job.py:629} INFO - Processing file /home/airflow/.local/lib/python3.6/site-packages/airflow/example_dags/subdags/subdag.py for tasks to queue
[2021-03-28 22:59:15,702] {logging_mixin.py:103} INFO - [2021-03-28 22:59:15,702] {dagbag.py:440} INFO - Filling up the DagBag from /home/airflow/.local/lib/python3.6/site-packages/airflow/example_dags/subdags/subdag.py
[2021-03-28 22:59:15,714] {scheduler_job.py:641} WARNING - No viable dags retrieved from /home/airflow/.local/lib/python3.6/site-packages/airflow/example_dags/subdags/subdag.py
[2021-03-28 22:59:15,753] {scheduler_job.py:189} INFO - Processing /home/airflow/.local/lib/python3.6/site-packages/airflow/example_dags/subdags/subdag.py took 0.067 seconds
[2021-03-28 22:59:18,580] {scheduler_job.py:181} INFO - Started process (PID=2443) to work on /home/airflow/.local/lib/python3.6/site-packages/airflow/example_dags/subdags/subdag.py
[2021-03-28 22:59:18,588] {scheduler_job.py:629} INFO - Processing file /home/airflow/.local/lib/python3.6/site-packages/airflow/example_dags/subdags/subdag.py for tasks to queue
[2021-03-28 22:59:18,591] {logging_mixin.py:103} INFO - [2021-03-28 22:59:18,591] {dagbag.py:440} INFO - Filling up the DagBag from /home/airflow/.local/lib/python3.6/site-packages/airflow/example_dags/subdags/subdag.py
[2021-03-28 22:59:18,598] {scheduler_job.py:641} WARNING - No viable dags retrieved from /home/airflow/.local/lib/python3.6/site-packages/airflow/example_dags/subdags/subdag.py
[2021-03-28 22:59:18,629] {scheduler_job.py:189} INFO - Processing /home/airflow/.local/lib/python3.6/site-packages/airflow/example_dags/subdags/subdag.py took 0.062 seconds
[2021-03-28 22:59:21,951] {scheduler_job.py:181} INFO - Started process (PID=2470) to work on /home/airflow/.local/lib/python3.6/site-packages/airflow/example_dags/subdags/subdag.py
[2021-03-28 22:59:21,954] {scheduler_job.py:629} INFO - Processing file /home/airflow/.local/lib/python3.6/site-packages/airflow/example_dags/subdags/subdag.py for tasks to queue
[2021-03-28 22:59:21,956] {logging_mixin.py:103} INFO - [2021-03-28 22:59:21,956] {dagbag.py:440} INFO - Filling up the DagBag from /home/airflow/.local/lib/python3.6/site-packages/airflow/example_dags/subdags/subdag.py
[2021-03-28 22:59:21,960] {scheduler_job.py:641} WARNING - No viable dags retrieved from /home/airflow/.local/lib/python3.6/site-packages/airflow/example_dags/subdags/subdag.py
[2021-03-28 22:59:21,984] {scheduler_job.py:189} INFO - Processing /home/airflow/.local/lib/python3.6/site-packages/airflow/example_dags/subdags/subdag.py took 0.037 seconds
[2021-03-28 22:59:25,114] {scheduler_job.py:181} INFO - Started process (PID=2495) to work on /home/airflow/.local/lib/python3.6/site-packages/airflow/example_dags/subdags/subdag.py
[2021-03-28 22:59:25,116] {scheduler_job.py:629} INFO - Processing file /home/airflow/.local/lib/python3.6/site-packages/airflow/example_dags/subdags/subdag.py for tasks to queue
[2021-03-28 22:59:25,118] {logging_mixin.py:103} INFO - [2021-03-28 22:59:25,118] {dagbag.py:440} INFO - Filling up the DagBag from /home/airflow/.local/lib/python3.6/site-packages/airflow/example_dags/subdags/subdag.py
[2021-03-28 22:59:25,140] {scheduler_job.py:641} WARNING - No viable dags retrieved from /home/airflow/.local/lib/python3.6/site-packages/airflow/example_dags/subdags/subdag.py
[2021-03-28 22:59:25,166] {scheduler_job.py:189} INFO - Processing /home/airflow/.local/lib/python3.6/site-packages/airflow/example_dags/subdags/subdag.py took 0.059 seconds
[2021-03-28 22:59:30,389] {scheduler_job.py:181} INFO - Started process (PID=2522) to work on /home/airflow/.local/lib/python3.6/site-packages/airflow/example_dags/subdags/subdag.py
[2021-03-28 22:59:30,391] {scheduler_job.py:629} INFO - Processing file /home/airflow/.local/lib/python3.6/site-packages/airflow/example_dags/subdags/subdag.py for tasks to queue
[2021-03-28 22:59:30,392] {logging_mixin.py:103} INFO - [2021-03-28 22:59:30,392] {dagbag.py:440} INFO - Filling up the DagBag from /home/airflow/.local/lib/python3.6/site-packages/airflow/example_dags/subdags/subdag.py
[2021-03-28 22:59:30,397] {scheduler_job.py:641} WARNING - No viable dags retrieved from /home/airflow/.local/lib/python3.6/site-packages/airflow/example_dags/subdags/subdag.py
[2021-03-28 22:59:30,439] {scheduler_job.py:189} INFO - Processing /home/airflow/.local/lib/python3.6/site-packages/airflow/example_dags/subdags/subdag.py took 0.054 seconds
[2021-03-28 22:59:37,449] {scheduler_job.py:181} INFO - Started process (PID=2574) to work on /home/airflow/.local/lib/python3.6/site-packages/airflow/example_dags/subdags/subdag.py
[2021-03-28 22:59:37,451] {scheduler_job.py:629} INFO - Processing file /home/airflow/.local/lib/python3.6/site-packages/airflow/example_dags/subdags/subdag.py for tasks to queue
[2021-03-28 22:59:37,454] {logging_mixin.py:103} INFO - [2021-03-28 22:59:37,453] {dagbag.py:440} INFO - Filling up the DagBag from /home/airflow/.local/lib/python3.6/site-packages/airflow/example_dags/subdags/subdag.py
[2021-03-28 22:59:37,460] {scheduler_job.py:641} WARNING - No viable dags retrieved from /home/airflow/.local/lib/python3.6/site-packages/airflow/example_dags/subdags/subdag.py
[2021-03-28 22:59:37,487] {scheduler_job.py:189} INFO - Processing /home/airflow/.local/lib/python3.6/site-packages/airflow/example_dags/subdags/subdag.py took 0.044 seconds
[2021-03-28 22:59:45,735] {scheduler_job.py:181} INFO - Started process (PID=2599) to work on /home/airflow/.local/lib/python3.6/site-packages/airflow/example_dags/subdags/subdag.py
[2021-03-28 22:59:45,740] {scheduler_job.py:629} INFO - Processing file /home/airflow/.local/lib/python3.6/site-packages/airflow/example_dags/subdags/subdag.py for tasks to queue
[2021-03-28 22:59:45,746] {logging_mixin.py:103} INFO - [2021-03-28 22:59:45,746] {dagbag.py:440} INFO - Filling up the DagBag from /home/airflow/.local/lib/python3.6/site-packages/airflow/example_dags/subdags/subdag.py
[2021-03-28 22:59:45,757] {scheduler_job.py:641} WARNING - No viable dags retrieved from /home/airflow/.local/lib/python3.6/site-packages/airflow/example_dags/subdags/subdag.py
[2021-03-28 22:59:45,784] {scheduler_job.py:189} INFO - Processing /home/airflow/.local/lib/python3.6/site-packages/airflow/example_dags/subdags/subdag.py took 0.068 seconds
