[2021-03-28 22:54:26,163] {scheduler_job.py:181} INFO - Started process (PID=45) to work on /home/airflow/.local/lib/python3.6/site-packages/airflow/example_dags/tutorial_etl_dag.py
[2021-03-28 22:54:26,165] {scheduler_job.py:629} INFO - Processing file /home/airflow/.local/lib/python3.6/site-packages/airflow/example_dags/tutorial_etl_dag.py for tasks to queue
[2021-03-28 22:54:26,167] {logging_mixin.py:103} INFO - [2021-03-28 22:54:26,166] {dagbag.py:440} INFO - Filling up the DagBag from /home/airflow/.local/lib/python3.6/site-packages/airflow/example_dags/tutorial_etl_dag.py
[2021-03-28 22:54:26,179] {scheduler_job.py:639} INFO - DAG(s) dict_keys(['tutorial_etl_dag']) retrieved from /home/airflow/.local/lib/python3.6/site-packages/airflow/example_dags/tutorial_etl_dag.py
[2021-03-28 22:54:26,308] {logging_mixin.py:103} INFO - [2021-03-28 22:54:26,308] {dag.py:1813} INFO - Sync 1 DAGs
[2021-03-28 22:54:26,354] {logging_mixin.py:103} INFO - [2021-03-28 22:54:26,354] {dag.py:2266} INFO - Setting next_dagrun for tutorial_etl_dag to None
[2021-03-28 22:54:26,438] {scheduler_job.py:189} INFO - Processing /home/airflow/.local/lib/python3.6/site-packages/airflow/example_dags/tutorial_etl_dag.py took 0.282 seconds
[2021-03-28 22:54:30,257] {scheduler_job.py:181} INFO - Started process (PID=71) to work on /home/airflow/.local/lib/python3.6/site-packages/airflow/example_dags/tutorial_etl_dag.py
[2021-03-28 22:54:30,259] {scheduler_job.py:629} INFO - Processing file /home/airflow/.local/lib/python3.6/site-packages/airflow/example_dags/tutorial_etl_dag.py for tasks to queue
[2021-03-28 22:54:30,260] {logging_mixin.py:103} INFO - [2021-03-28 22:54:30,260] {dagbag.py:440} INFO - Filling up the DagBag from /home/airflow/.local/lib/python3.6/site-packages/airflow/example_dags/tutorial_etl_dag.py
[2021-03-28 22:54:30,277] {scheduler_job.py:639} INFO - DAG(s) dict_keys(['tutorial_etl_dag']) retrieved from /home/airflow/.local/lib/python3.6/site-packages/airflow/example_dags/tutorial_etl_dag.py
[2021-03-28 22:54:30,279] {logging_mixin.py:103} INFO - [2021-03-28 22:54:30,278] {dag.py:1813} INFO - Sync 1 DAGs
[2021-03-28 22:54:30,332] {logging_mixin.py:103} INFO - [2021-03-28 22:54:30,332] {dag.py:2266} INFO - Setting next_dagrun for tutorial_etl_dag to None
[2021-03-28 22:54:30,357] {scheduler_job.py:189} INFO - Processing /home/airflow/.local/lib/python3.6/site-packages/airflow/example_dags/tutorial_etl_dag.py took 0.109 seconds
[2021-03-28 22:54:33,218] {scheduler_job.py:181} INFO - Started process (PID=98) to work on /home/airflow/.local/lib/python3.6/site-packages/airflow/example_dags/tutorial_etl_dag.py
[2021-03-28 22:54:33,220] {scheduler_job.py:629} INFO - Processing file /home/airflow/.local/lib/python3.6/site-packages/airflow/example_dags/tutorial_etl_dag.py for tasks to queue
[2021-03-28 22:54:33,222] {logging_mixin.py:103} INFO - [2021-03-28 22:54:33,222] {dagbag.py:440} INFO - Filling up the DagBag from /home/airflow/.local/lib/python3.6/site-packages/airflow/example_dags/tutorial_etl_dag.py
[2021-03-28 22:54:33,238] {scheduler_job.py:639} INFO - DAG(s) dict_keys(['tutorial_etl_dag']) retrieved from /home/airflow/.local/lib/python3.6/site-packages/airflow/example_dags/tutorial_etl_dag.py
[2021-03-28 22:54:33,240] {logging_mixin.py:103} INFO - [2021-03-28 22:54:33,240] {dag.py:1813} INFO - Sync 1 DAGs
[2021-03-28 22:54:33,306] {logging_mixin.py:103} INFO - [2021-03-28 22:54:33,306] {dag.py:2266} INFO - Setting next_dagrun for tutorial_etl_dag to None
[2021-03-28 22:54:33,340] {scheduler_job.py:189} INFO - Processing /home/airflow/.local/lib/python3.6/site-packages/airflow/example_dags/tutorial_etl_dag.py took 0.128 seconds
[2021-03-28 22:54:35,929] {scheduler_job.py:181} INFO - Started process (PID=124) to work on /home/airflow/.local/lib/python3.6/site-packages/airflow/example_dags/tutorial_etl_dag.py
[2021-03-28 22:54:35,931] {scheduler_job.py:629} INFO - Processing file /home/airflow/.local/lib/python3.6/site-packages/airflow/example_dags/tutorial_etl_dag.py for tasks to queue
[2021-03-28 22:54:35,932] {logging_mixin.py:103} INFO - [2021-03-28 22:54:35,932] {dagbag.py:440} INFO - Filling up the DagBag from /home/airflow/.local/lib/python3.6/site-packages/airflow/example_dags/tutorial_etl_dag.py
[2021-03-28 22:54:35,950] {scheduler_job.py:639} INFO - DAG(s) dict_keys(['tutorial_etl_dag']) retrieved from /home/airflow/.local/lib/python3.6/site-packages/airflow/example_dags/tutorial_etl_dag.py
[2021-03-28 22:54:35,953] {logging_mixin.py:103} INFO - [2021-03-28 22:54:35,953] {dag.py:1813} INFO - Sync 1 DAGs
[2021-03-28 22:54:36,016] {logging_mixin.py:103} INFO - [2021-03-28 22:54:36,016] {dag.py:2266} INFO - Setting next_dagrun for tutorial_etl_dag to None
[2021-03-28 22:54:36,041] {scheduler_job.py:189} INFO - Processing /home/airflow/.local/lib/python3.6/site-packages/airflow/example_dags/tutorial_etl_dag.py took 0.117 seconds
[2021-03-28 22:54:38,491] {scheduler_job.py:181} INFO - Started process (PID=150) to work on /home/airflow/.local/lib/python3.6/site-packages/airflow/example_dags/tutorial_etl_dag.py
[2021-03-28 22:54:38,494] {scheduler_job.py:629} INFO - Processing file /home/airflow/.local/lib/python3.6/site-packages/airflow/example_dags/tutorial_etl_dag.py for tasks to queue
[2021-03-28 22:54:38,501] {logging_mixin.py:103} INFO - [2021-03-28 22:54:38,501] {dagbag.py:440} INFO - Filling up the DagBag from /home/airflow/.local/lib/python3.6/site-packages/airflow/example_dags/tutorial_etl_dag.py
[2021-03-28 22:54:38,534] {scheduler_job.py:639} INFO - DAG(s) dict_keys(['tutorial_etl_dag']) retrieved from /home/airflow/.local/lib/python3.6/site-packages/airflow/example_dags/tutorial_etl_dag.py
[2021-03-28 22:54:38,536] {logging_mixin.py:103} INFO - [2021-03-28 22:54:38,536] {dag.py:1813} INFO - Sync 1 DAGs
[2021-03-28 22:54:38,603] {logging_mixin.py:103} INFO - [2021-03-28 22:54:38,602] {dag.py:2266} INFO - Setting next_dagrun for tutorial_etl_dag to None
[2021-03-28 22:54:38,625] {scheduler_job.py:189} INFO - Processing /home/airflow/.local/lib/python3.6/site-packages/airflow/example_dags/tutorial_etl_dag.py took 0.144 seconds
[2021-03-28 22:54:45,291] {scheduler_job.py:181} INFO - Started process (PID=202) to work on /home/airflow/.local/lib/python3.6/site-packages/airflow/example_dags/tutorial_etl_dag.py
[2021-03-28 22:54:45,301] {scheduler_job.py:629} INFO - Processing file /home/airflow/.local/lib/python3.6/site-packages/airflow/example_dags/tutorial_etl_dag.py for tasks to queue
[2021-03-28 22:54:45,306] {logging_mixin.py:103} INFO - [2021-03-28 22:54:45,305] {dagbag.py:440} INFO - Filling up the DagBag from /home/airflow/.local/lib/python3.6/site-packages/airflow/example_dags/tutorial_etl_dag.py
[2021-03-28 22:54:45,345] {scheduler_job.py:639} INFO - DAG(s) dict_keys(['tutorial_etl_dag']) retrieved from /home/airflow/.local/lib/python3.6/site-packages/airflow/example_dags/tutorial_etl_dag.py
[2021-03-28 22:54:45,349] {logging_mixin.py:103} INFO - [2021-03-28 22:54:45,348] {dag.py:1813} INFO - Sync 1 DAGs
[2021-03-28 22:54:45,445] {logging_mixin.py:103} INFO - [2021-03-28 22:54:45,445] {dag.py:2266} INFO - Setting next_dagrun for tutorial_etl_dag to None
[2021-03-28 22:54:45,526] {scheduler_job.py:189} INFO - Processing /home/airflow/.local/lib/python3.6/site-packages/airflow/example_dags/tutorial_etl_dag.py took 0.245 seconds
[2021-03-28 22:54:53,397] {scheduler_job.py:181} INFO - Started process (PID=254) to work on /home/airflow/.local/lib/python3.6/site-packages/airflow/example_dags/tutorial_etl_dag.py
[2021-03-28 22:54:53,403] {scheduler_job.py:629} INFO - Processing file /home/airflow/.local/lib/python3.6/site-packages/airflow/example_dags/tutorial_etl_dag.py for tasks to queue
[2021-03-28 22:54:53,407] {logging_mixin.py:103} INFO - [2021-03-28 22:54:53,407] {dagbag.py:440} INFO - Filling up the DagBag from /home/airflow/.local/lib/python3.6/site-packages/airflow/example_dags/tutorial_etl_dag.py
[2021-03-28 22:54:53,443] {scheduler_job.py:639} INFO - DAG(s) dict_keys(['tutorial_etl_dag']) retrieved from /home/airflow/.local/lib/python3.6/site-packages/airflow/example_dags/tutorial_etl_dag.py
[2021-03-28 22:54:53,450] {logging_mixin.py:103} INFO - [2021-03-28 22:54:53,449] {dag.py:1813} INFO - Sync 1 DAGs
[2021-03-28 22:54:53,525] {logging_mixin.py:103} INFO - [2021-03-28 22:54:53,525] {dag.py:2266} INFO - Setting next_dagrun for tutorial_etl_dag to None
[2021-03-28 22:54:53,580] {scheduler_job.py:189} INFO - Processing /home/airflow/.local/lib/python3.6/site-packages/airflow/example_dags/tutorial_etl_dag.py took 0.187 seconds
[2021-03-28 22:55:00,312] {scheduler_job.py:181} INFO - Started process (PID=305) to work on /home/airflow/.local/lib/python3.6/site-packages/airflow/example_dags/tutorial_etl_dag.py
[2021-03-28 22:55:00,316] {scheduler_job.py:629} INFO - Processing file /home/airflow/.local/lib/python3.6/site-packages/airflow/example_dags/tutorial_etl_dag.py for tasks to queue
[2021-03-28 22:55:00,318] {logging_mixin.py:103} INFO - [2021-03-28 22:55:00,317] {dagbag.py:440} INFO - Filling up the DagBag from /home/airflow/.local/lib/python3.6/site-packages/airflow/example_dags/tutorial_etl_dag.py
[2021-03-28 22:55:00,389] {scheduler_job.py:639} INFO - DAG(s) dict_keys(['tutorial_etl_dag']) retrieved from /home/airflow/.local/lib/python3.6/site-packages/airflow/example_dags/tutorial_etl_dag.py
[2021-03-28 22:55:00,397] {logging_mixin.py:103} INFO - [2021-03-28 22:55:00,397] {dag.py:1813} INFO - Sync 1 DAGs
[2021-03-28 22:55:00,514] {logging_mixin.py:103} INFO - [2021-03-28 22:55:00,513] {dag.py:2266} INFO - Setting next_dagrun for tutorial_etl_dag to None
[2021-03-28 22:55:00,649] {scheduler_job.py:189} INFO - Processing /home/airflow/.local/lib/python3.6/site-packages/airflow/example_dags/tutorial_etl_dag.py took 0.358 seconds
[2021-03-28 22:55:05,102] {scheduler_job.py:181} INFO - Started process (PID=332) to work on /home/airflow/.local/lib/python3.6/site-packages/airflow/example_dags/tutorial_etl_dag.py
[2021-03-28 22:55:05,109] {scheduler_job.py:629} INFO - Processing file /home/airflow/.local/lib/python3.6/site-packages/airflow/example_dags/tutorial_etl_dag.py for tasks to queue
[2021-03-28 22:55:05,112] {logging_mixin.py:103} INFO - [2021-03-28 22:55:05,112] {dagbag.py:440} INFO - Filling up the DagBag from /home/airflow/.local/lib/python3.6/site-packages/airflow/example_dags/tutorial_etl_dag.py
[2021-03-28 22:55:05,155] {scheduler_job.py:639} INFO - DAG(s) dict_keys(['tutorial_etl_dag']) retrieved from /home/airflow/.local/lib/python3.6/site-packages/airflow/example_dags/tutorial_etl_dag.py
[2021-03-28 22:55:05,158] {logging_mixin.py:103} INFO - [2021-03-28 22:55:05,158] {dag.py:1813} INFO - Sync 1 DAGs
[2021-03-28 22:55:05,236] {logging_mixin.py:103} INFO - [2021-03-28 22:55:05,236] {dag.py:2266} INFO - Setting next_dagrun for tutorial_etl_dag to None
[2021-03-28 22:55:05,274] {scheduler_job.py:189} INFO - Processing /home/airflow/.local/lib/python3.6/site-packages/airflow/example_dags/tutorial_etl_dag.py took 0.187 seconds
[2021-03-28 22:55:12,783] {scheduler_job.py:181} INFO - Started process (PID=383) to work on /home/airflow/.local/lib/python3.6/site-packages/airflow/example_dags/tutorial_etl_dag.py
[2021-03-28 22:55:12,786] {scheduler_job.py:629} INFO - Processing file /home/airflow/.local/lib/python3.6/site-packages/airflow/example_dags/tutorial_etl_dag.py for tasks to queue
[2021-03-28 22:55:12,788] {logging_mixin.py:103} INFO - [2021-03-28 22:55:12,788] {dagbag.py:440} INFO - Filling up the DagBag from /home/airflow/.local/lib/python3.6/site-packages/airflow/example_dags/tutorial_etl_dag.py
[2021-03-28 22:55:12,817] {scheduler_job.py:639} INFO - DAG(s) dict_keys(['tutorial_etl_dag']) retrieved from /home/airflow/.local/lib/python3.6/site-packages/airflow/example_dags/tutorial_etl_dag.py
[2021-03-28 22:55:12,820] {logging_mixin.py:103} INFO - [2021-03-28 22:55:12,820] {dag.py:1813} INFO - Sync 1 DAGs
[2021-03-28 22:55:12,961] {logging_mixin.py:103} INFO - [2021-03-28 22:55:12,961] {dag.py:2266} INFO - Setting next_dagrun for tutorial_etl_dag to None
[2021-03-28 22:55:13,032] {scheduler_job.py:189} INFO - Processing /home/airflow/.local/lib/python3.6/site-packages/airflow/example_dags/tutorial_etl_dag.py took 0.257 seconds
[2021-03-28 22:55:15,936] {scheduler_job.py:181} INFO - Started process (PID=410) to work on /home/airflow/.local/lib/python3.6/site-packages/airflow/example_dags/tutorial_etl_dag.py
[2021-03-28 22:55:15,939] {scheduler_job.py:629} INFO - Processing file /home/airflow/.local/lib/python3.6/site-packages/airflow/example_dags/tutorial_etl_dag.py for tasks to queue
[2021-03-28 22:55:15,942] {logging_mixin.py:103} INFO - [2021-03-28 22:55:15,942] {dagbag.py:440} INFO - Filling up the DagBag from /home/airflow/.local/lib/python3.6/site-packages/airflow/example_dags/tutorial_etl_dag.py
[2021-03-28 22:55:16,035] {scheduler_job.py:639} INFO - DAG(s) dict_keys(['tutorial_etl_dag']) retrieved from /home/airflow/.local/lib/python3.6/site-packages/airflow/example_dags/tutorial_etl_dag.py
[2021-03-28 22:55:16,045] {logging_mixin.py:103} INFO - [2021-03-28 22:55:16,045] {dag.py:1813} INFO - Sync 1 DAGs
[2021-03-28 22:55:16,185] {logging_mixin.py:103} INFO - [2021-03-28 22:55:16,185] {dag.py:2266} INFO - Setting next_dagrun for tutorial_etl_dag to None
[2021-03-28 22:55:16,294] {scheduler_job.py:189} INFO - Processing /home/airflow/.local/lib/python3.6/site-packages/airflow/example_dags/tutorial_etl_dag.py took 0.378 seconds
[2021-03-28 22:55:22,266] {scheduler_job.py:181} INFO - Started process (PID=462) to work on /home/airflow/.local/lib/python3.6/site-packages/airflow/example_dags/tutorial_etl_dag.py
[2021-03-28 22:55:22,272] {scheduler_job.py:629} INFO - Processing file /home/airflow/.local/lib/python3.6/site-packages/airflow/example_dags/tutorial_etl_dag.py for tasks to queue
[2021-03-28 22:55:22,273] {logging_mixin.py:103} INFO - [2021-03-28 22:55:22,273] {dagbag.py:440} INFO - Filling up the DagBag from /home/airflow/.local/lib/python3.6/site-packages/airflow/example_dags/tutorial_etl_dag.py
[2021-03-28 22:55:22,307] {scheduler_job.py:639} INFO - DAG(s) dict_keys(['tutorial_etl_dag']) retrieved from /home/airflow/.local/lib/python3.6/site-packages/airflow/example_dags/tutorial_etl_dag.py
[2021-03-28 22:55:22,316] {logging_mixin.py:103} INFO - [2021-03-28 22:55:22,313] {dag.py:1813} INFO - Sync 1 DAGs
[2021-03-28 22:55:22,365] {logging_mixin.py:103} INFO - [2021-03-28 22:55:22,365] {dag.py:2266} INFO - Setting next_dagrun for tutorial_etl_dag to None
[2021-03-28 22:55:22,422] {scheduler_job.py:189} INFO - Processing /home/airflow/.local/lib/python3.6/site-packages/airflow/example_dags/tutorial_etl_dag.py took 0.184 seconds
[2021-03-28 22:55:25,516] {scheduler_job.py:181} INFO - Started process (PID=488) to work on /home/airflow/.local/lib/python3.6/site-packages/airflow/example_dags/tutorial_etl_dag.py
[2021-03-28 22:55:25,521] {scheduler_job.py:629} INFO - Processing file /home/airflow/.local/lib/python3.6/site-packages/airflow/example_dags/tutorial_etl_dag.py for tasks to queue
[2021-03-28 22:55:25,522] {logging_mixin.py:103} INFO - [2021-03-28 22:55:25,522] {dagbag.py:440} INFO - Filling up the DagBag from /home/airflow/.local/lib/python3.6/site-packages/airflow/example_dags/tutorial_etl_dag.py
[2021-03-28 22:55:25,557] {scheduler_job.py:639} INFO - DAG(s) dict_keys(['tutorial_etl_dag']) retrieved from /home/airflow/.local/lib/python3.6/site-packages/airflow/example_dags/tutorial_etl_dag.py
[2021-03-28 22:55:25,560] {logging_mixin.py:103} INFO - [2021-03-28 22:55:25,560] {dag.py:1813} INFO - Sync 1 DAGs
[2021-03-28 22:55:25,629] {logging_mixin.py:103} INFO - [2021-03-28 22:55:25,629] {dag.py:2266} INFO - Setting next_dagrun for tutorial_etl_dag to None
[2021-03-28 22:55:25,666] {scheduler_job.py:189} INFO - Processing /home/airflow/.local/lib/python3.6/site-packages/airflow/example_dags/tutorial_etl_dag.py took 0.159 seconds
[2021-03-28 22:55:30,026] {scheduler_job.py:181} INFO - Started process (PID=515) to work on /home/airflow/.local/lib/python3.6/site-packages/airflow/example_dags/tutorial_etl_dag.py
[2021-03-28 22:55:30,032] {scheduler_job.py:629} INFO - Processing file /home/airflow/.local/lib/python3.6/site-packages/airflow/example_dags/tutorial_etl_dag.py for tasks to queue
[2021-03-28 22:55:30,038] {logging_mixin.py:103} INFO - [2021-03-28 22:55:30,035] {dagbag.py:440} INFO - Filling up the DagBag from /home/airflow/.local/lib/python3.6/site-packages/airflow/example_dags/tutorial_etl_dag.py
[2021-03-28 22:55:30,099] {scheduler_job.py:639} INFO - DAG(s) dict_keys(['tutorial_etl_dag']) retrieved from /home/airflow/.local/lib/python3.6/site-packages/airflow/example_dags/tutorial_etl_dag.py
[2021-03-28 22:55:30,106] {logging_mixin.py:103} INFO - [2021-03-28 22:55:30,103] {dag.py:1813} INFO - Sync 1 DAGs
[2021-03-28 22:55:30,223] {logging_mixin.py:103} INFO - [2021-03-28 22:55:30,223] {dag.py:2266} INFO - Setting next_dagrun for tutorial_etl_dag to None
[2021-03-28 22:55:30,299] {scheduler_job.py:189} INFO - Processing /home/airflow/.local/lib/python3.6/site-packages/airflow/example_dags/tutorial_etl_dag.py took 0.279 seconds
[2021-03-28 22:55:37,467] {scheduler_job.py:181} INFO - Started process (PID=567) to work on /home/airflow/.local/lib/python3.6/site-packages/airflow/example_dags/tutorial_etl_dag.py
[2021-03-28 22:55:37,471] {scheduler_job.py:629} INFO - Processing file /home/airflow/.local/lib/python3.6/site-packages/airflow/example_dags/tutorial_etl_dag.py for tasks to queue
[2021-03-28 22:55:37,473] {logging_mixin.py:103} INFO - [2021-03-28 22:55:37,473] {dagbag.py:440} INFO - Filling up the DagBag from /home/airflow/.local/lib/python3.6/site-packages/airflow/example_dags/tutorial_etl_dag.py
[2021-03-28 22:55:37,527] {scheduler_job.py:639} INFO - DAG(s) dict_keys(['tutorial_etl_dag']) retrieved from /home/airflow/.local/lib/python3.6/site-packages/airflow/example_dags/tutorial_etl_dag.py
[2021-03-28 22:55:37,529] {logging_mixin.py:103} INFO - [2021-03-28 22:55:37,529] {dag.py:1813} INFO - Sync 1 DAGs
[2021-03-28 22:55:37,666] {logging_mixin.py:103} INFO - [2021-03-28 22:55:37,666] {dag.py:2266} INFO - Setting next_dagrun for tutorial_etl_dag to None
[2021-03-28 22:55:37,732] {scheduler_job.py:189} INFO - Processing /home/airflow/.local/lib/python3.6/site-packages/airflow/example_dags/tutorial_etl_dag.py took 0.271 seconds
[2021-03-28 22:55:44,292] {scheduler_job.py:181} INFO - Started process (PID=619) to work on /home/airflow/.local/lib/python3.6/site-packages/airflow/example_dags/tutorial_etl_dag.py
[2021-03-28 22:55:44,297] {scheduler_job.py:629} INFO - Processing file /home/airflow/.local/lib/python3.6/site-packages/airflow/example_dags/tutorial_etl_dag.py for tasks to queue
[2021-03-28 22:55:44,303] {logging_mixin.py:103} INFO - [2021-03-28 22:55:44,303] {dagbag.py:440} INFO - Filling up the DagBag from /home/airflow/.local/lib/python3.6/site-packages/airflow/example_dags/tutorial_etl_dag.py
[2021-03-28 22:55:44,364] {scheduler_job.py:639} INFO - DAG(s) dict_keys(['tutorial_etl_dag']) retrieved from /home/airflow/.local/lib/python3.6/site-packages/airflow/example_dags/tutorial_etl_dag.py
[2021-03-28 22:55:44,370] {logging_mixin.py:103} INFO - [2021-03-28 22:55:44,369] {dag.py:1813} INFO - Sync 1 DAGs
[2021-03-28 22:55:44,497] {logging_mixin.py:103} INFO - [2021-03-28 22:55:44,497] {dag.py:2266} INFO - Setting next_dagrun for tutorial_etl_dag to None
[2021-03-28 22:55:44,563] {scheduler_job.py:189} INFO - Processing /home/airflow/.local/lib/python3.6/site-packages/airflow/example_dags/tutorial_etl_dag.py took 0.277 seconds
[2021-03-28 22:55:50,541] {scheduler_job.py:181} INFO - Started process (PID=671) to work on /home/airflow/.local/lib/python3.6/site-packages/airflow/example_dags/tutorial_etl_dag.py
[2021-03-28 22:55:50,546] {scheduler_job.py:629} INFO - Processing file /home/airflow/.local/lib/python3.6/site-packages/airflow/example_dags/tutorial_etl_dag.py for tasks to queue
[2021-03-28 22:55:50,549] {logging_mixin.py:103} INFO - [2021-03-28 22:55:50,549] {dagbag.py:440} INFO - Filling up the DagBag from /home/airflow/.local/lib/python3.6/site-packages/airflow/example_dags/tutorial_etl_dag.py
[2021-03-28 22:55:50,594] {scheduler_job.py:639} INFO - DAG(s) dict_keys(['tutorial_etl_dag']) retrieved from /home/airflow/.local/lib/python3.6/site-packages/airflow/example_dags/tutorial_etl_dag.py
[2021-03-28 22:55:50,597] {logging_mixin.py:103} INFO - [2021-03-28 22:55:50,596] {dag.py:1813} INFO - Sync 1 DAGs
[2021-03-28 22:55:50,643] {logging_mixin.py:103} INFO - [2021-03-28 22:55:50,643] {dag.py:2266} INFO - Setting next_dagrun for tutorial_etl_dag to None
[2021-03-28 22:55:50,675] {scheduler_job.py:189} INFO - Processing /home/airflow/.local/lib/python3.6/site-packages/airflow/example_dags/tutorial_etl_dag.py took 0.156 seconds
[2021-03-28 22:55:52,824] {scheduler_job.py:181} INFO - Started process (PID=697) to work on /home/airflow/.local/lib/python3.6/site-packages/airflow/example_dags/tutorial_etl_dag.py
[2021-03-28 22:55:52,827] {scheduler_job.py:629} INFO - Processing file /home/airflow/.local/lib/python3.6/site-packages/airflow/example_dags/tutorial_etl_dag.py for tasks to queue
[2021-03-28 22:55:52,837] {logging_mixin.py:103} INFO - [2021-03-28 22:55:52,837] {dagbag.py:440} INFO - Filling up the DagBag from /home/airflow/.local/lib/python3.6/site-packages/airflow/example_dags/tutorial_etl_dag.py
[2021-03-28 22:55:52,874] {scheduler_job.py:639} INFO - DAG(s) dict_keys(['tutorial_etl_dag']) retrieved from /home/airflow/.local/lib/python3.6/site-packages/airflow/example_dags/tutorial_etl_dag.py
[2021-03-28 22:55:52,877] {logging_mixin.py:103} INFO - [2021-03-28 22:55:52,876] {dag.py:1813} INFO - Sync 1 DAGs
[2021-03-28 22:55:52,927] {logging_mixin.py:103} INFO - [2021-03-28 22:55:52,927] {dag.py:2266} INFO - Setting next_dagrun for tutorial_etl_dag to None
[2021-03-28 22:55:53,087] {scheduler_job.py:189} INFO - Processing /home/airflow/.local/lib/python3.6/site-packages/airflow/example_dags/tutorial_etl_dag.py took 0.271 seconds
[2021-03-28 22:55:55,690] {scheduler_job.py:181} INFO - Started process (PID=724) to work on /home/airflow/.local/lib/python3.6/site-packages/airflow/example_dags/tutorial_etl_dag.py
[2021-03-28 22:55:55,695] {scheduler_job.py:629} INFO - Processing file /home/airflow/.local/lib/python3.6/site-packages/airflow/example_dags/tutorial_etl_dag.py for tasks to queue
[2021-03-28 22:55:55,699] {logging_mixin.py:103} INFO - [2021-03-28 22:55:55,698] {dagbag.py:440} INFO - Filling up the DagBag from /home/airflow/.local/lib/python3.6/site-packages/airflow/example_dags/tutorial_etl_dag.py
[2021-03-28 22:55:55,736] {scheduler_job.py:639} INFO - DAG(s) dict_keys(['tutorial_etl_dag']) retrieved from /home/airflow/.local/lib/python3.6/site-packages/airflow/example_dags/tutorial_etl_dag.py
[2021-03-28 22:55:55,738] {logging_mixin.py:103} INFO - [2021-03-28 22:55:55,738] {dag.py:1813} INFO - Sync 1 DAGs
[2021-03-28 22:55:55,780] {logging_mixin.py:103} INFO - [2021-03-28 22:55:55,780] {dag.py:2266} INFO - Setting next_dagrun for tutorial_etl_dag to None
[2021-03-28 22:55:55,833] {scheduler_job.py:189} INFO - Processing /home/airflow/.local/lib/python3.6/site-packages/airflow/example_dags/tutorial_etl_dag.py took 0.157 seconds
[2021-03-28 22:56:01,145] {scheduler_job.py:181} INFO - Started process (PID=750) to work on /home/airflow/.local/lib/python3.6/site-packages/airflow/example_dags/tutorial_etl_dag.py
[2021-03-28 22:56:01,147] {scheduler_job.py:629} INFO - Processing file /home/airflow/.local/lib/python3.6/site-packages/airflow/example_dags/tutorial_etl_dag.py for tasks to queue
[2021-03-28 22:56:01,149] {logging_mixin.py:103} INFO - [2021-03-28 22:56:01,149] {dagbag.py:440} INFO - Filling up the DagBag from /home/airflow/.local/lib/python3.6/site-packages/airflow/example_dags/tutorial_etl_dag.py
[2021-03-28 22:56:01,173] {scheduler_job.py:639} INFO - DAG(s) dict_keys(['tutorial_etl_dag']) retrieved from /home/airflow/.local/lib/python3.6/site-packages/airflow/example_dags/tutorial_etl_dag.py
[2021-03-28 22:56:01,178] {logging_mixin.py:103} INFO - [2021-03-28 22:56:01,177] {dag.py:1813} INFO - Sync 1 DAGs
[2021-03-28 22:56:01,236] {logging_mixin.py:103} INFO - [2021-03-28 22:56:01,236] {dag.py:2266} INFO - Setting next_dagrun for tutorial_etl_dag to None
[2021-03-28 22:56:01,258] {scheduler_job.py:189} INFO - Processing /home/airflow/.local/lib/python3.6/site-packages/airflow/example_dags/tutorial_etl_dag.py took 0.117 seconds
[2021-03-28 22:56:03,028] {scheduler_job.py:181} INFO - Started process (PID=777) to work on /home/airflow/.local/lib/python3.6/site-packages/airflow/example_dags/tutorial_etl_dag.py
[2021-03-28 22:56:03,030] {scheduler_job.py:629} INFO - Processing file /home/airflow/.local/lib/python3.6/site-packages/airflow/example_dags/tutorial_etl_dag.py for tasks to queue
[2021-03-28 22:56:03,032] {logging_mixin.py:103} INFO - [2021-03-28 22:56:03,032] {dagbag.py:440} INFO - Filling up the DagBag from /home/airflow/.local/lib/python3.6/site-packages/airflow/example_dags/tutorial_etl_dag.py
[2021-03-28 22:56:03,061] {scheduler_job.py:639} INFO - DAG(s) dict_keys(['tutorial_etl_dag']) retrieved from /home/airflow/.local/lib/python3.6/site-packages/airflow/example_dags/tutorial_etl_dag.py
[2021-03-28 22:56:03,063] {logging_mixin.py:103} INFO - [2021-03-28 22:56:03,063] {dag.py:1813} INFO - Sync 1 DAGs
[2021-03-28 22:56:03,143] {logging_mixin.py:103} INFO - [2021-03-28 22:56:03,143] {dag.py:2266} INFO - Setting next_dagrun for tutorial_etl_dag to None
[2021-03-28 22:56:03,180] {scheduler_job.py:189} INFO - Processing /home/airflow/.local/lib/python3.6/site-packages/airflow/example_dags/tutorial_etl_dag.py took 0.159 seconds
[2021-03-28 22:56:12,004] {scheduler_job.py:181} INFO - Started process (PID=829) to work on /home/airflow/.local/lib/python3.6/site-packages/airflow/example_dags/tutorial_etl_dag.py
[2021-03-28 22:56:12,014] {scheduler_job.py:629} INFO - Processing file /home/airflow/.local/lib/python3.6/site-packages/airflow/example_dags/tutorial_etl_dag.py for tasks to queue
[2021-03-28 22:56:12,028] {logging_mixin.py:103} INFO - [2021-03-28 22:56:12,028] {dagbag.py:440} INFO - Filling up the DagBag from /home/airflow/.local/lib/python3.6/site-packages/airflow/example_dags/tutorial_etl_dag.py
[2021-03-28 22:56:12,076] {scheduler_job.py:639} INFO - DAG(s) dict_keys(['tutorial_etl_dag']) retrieved from /home/airflow/.local/lib/python3.6/site-packages/airflow/example_dags/tutorial_etl_dag.py
[2021-03-28 22:56:12,084] {logging_mixin.py:103} INFO - [2021-03-28 22:56:12,084] {dag.py:1813} INFO - Sync 1 DAGs
[2021-03-28 22:56:12,167] {logging_mixin.py:103} INFO - [2021-03-28 22:56:12,167] {dag.py:2266} INFO - Setting next_dagrun for tutorial_etl_dag to None
[2021-03-28 22:56:12,227] {scheduler_job.py:189} INFO - Processing /home/airflow/.local/lib/python3.6/site-packages/airflow/example_dags/tutorial_etl_dag.py took 0.227 seconds
[2021-03-28 22:56:18,120] {scheduler_job.py:181} INFO - Started process (PID=881) to work on /home/airflow/.local/lib/python3.6/site-packages/airflow/example_dags/tutorial_etl_dag.py
[2021-03-28 22:56:18,123] {scheduler_job.py:629} INFO - Processing file /home/airflow/.local/lib/python3.6/site-packages/airflow/example_dags/tutorial_etl_dag.py for tasks to queue
[2021-03-28 22:56:18,128] {logging_mixin.py:103} INFO - [2021-03-28 22:56:18,128] {dagbag.py:440} INFO - Filling up the DagBag from /home/airflow/.local/lib/python3.6/site-packages/airflow/example_dags/tutorial_etl_dag.py
[2021-03-28 22:56:18,163] {scheduler_job.py:639} INFO - DAG(s) dict_keys(['tutorial_etl_dag']) retrieved from /home/airflow/.local/lib/python3.6/site-packages/airflow/example_dags/tutorial_etl_dag.py
[2021-03-28 22:56:18,171] {logging_mixin.py:103} INFO - [2021-03-28 22:56:18,170] {dag.py:1813} INFO - Sync 1 DAGs
[2021-03-28 22:56:18,235] {logging_mixin.py:103} INFO - [2021-03-28 22:56:18,235] {dag.py:2266} INFO - Setting next_dagrun for tutorial_etl_dag to None
[2021-03-28 22:56:18,284] {scheduler_job.py:189} INFO - Processing /home/airflow/.local/lib/python3.6/site-packages/airflow/example_dags/tutorial_etl_dag.py took 0.168 seconds
[2021-03-28 22:56:21,352] {scheduler_job.py:181} INFO - Started process (PID=907) to work on /home/airflow/.local/lib/python3.6/site-packages/airflow/example_dags/tutorial_etl_dag.py
[2021-03-28 22:56:21,366] {scheduler_job.py:629} INFO - Processing file /home/airflow/.local/lib/python3.6/site-packages/airflow/example_dags/tutorial_etl_dag.py for tasks to queue
[2021-03-28 22:56:21,369] {logging_mixin.py:103} INFO - [2021-03-28 22:56:21,369] {dagbag.py:440} INFO - Filling up the DagBag from /home/airflow/.local/lib/python3.6/site-packages/airflow/example_dags/tutorial_etl_dag.py
[2021-03-28 22:56:21,453] {scheduler_job.py:639} INFO - DAG(s) dict_keys(['tutorial_etl_dag']) retrieved from /home/airflow/.local/lib/python3.6/site-packages/airflow/example_dags/tutorial_etl_dag.py
[2021-03-28 22:56:21,458] {logging_mixin.py:103} INFO - [2021-03-28 22:56:21,458] {dag.py:1813} INFO - Sync 1 DAGs
[2021-03-28 22:56:21,559] {logging_mixin.py:103} INFO - [2021-03-28 22:56:21,559] {dag.py:2266} INFO - Setting next_dagrun for tutorial_etl_dag to None
[2021-03-28 22:56:21,652] {scheduler_job.py:189} INFO - Processing /home/airflow/.local/lib/python3.6/site-packages/airflow/example_dags/tutorial_etl_dag.py took 0.304 seconds
[2021-03-28 22:56:24,620] {scheduler_job.py:181} INFO - Started process (PID=933) to work on /home/airflow/.local/lib/python3.6/site-packages/airflow/example_dags/tutorial_etl_dag.py
[2021-03-28 22:56:24,629] {scheduler_job.py:629} INFO - Processing file /home/airflow/.local/lib/python3.6/site-packages/airflow/example_dags/tutorial_etl_dag.py for tasks to queue
[2021-03-28 22:56:24,632] {logging_mixin.py:103} INFO - [2021-03-28 22:56:24,631] {dagbag.py:440} INFO - Filling up the DagBag from /home/airflow/.local/lib/python3.6/site-packages/airflow/example_dags/tutorial_etl_dag.py
[2021-03-28 22:56:24,658] {scheduler_job.py:639} INFO - DAG(s) dict_keys(['tutorial_etl_dag']) retrieved from /home/airflow/.local/lib/python3.6/site-packages/airflow/example_dags/tutorial_etl_dag.py
[2021-03-28 22:56:24,661] {logging_mixin.py:103} INFO - [2021-03-28 22:56:24,661] {dag.py:1813} INFO - Sync 1 DAGs
[2021-03-28 22:56:24,709] {logging_mixin.py:103} INFO - [2021-03-28 22:56:24,708] {dag.py:2266} INFO - Setting next_dagrun for tutorial_etl_dag to None
[2021-03-28 22:56:24,741] {scheduler_job.py:189} INFO - Processing /home/airflow/.local/lib/python3.6/site-packages/airflow/example_dags/tutorial_etl_dag.py took 0.126 seconds
[2021-03-28 22:56:27,234] {scheduler_job.py:181} INFO - Started process (PID=959) to work on /home/airflow/.local/lib/python3.6/site-packages/airflow/example_dags/tutorial_etl_dag.py
[2021-03-28 22:56:27,241] {scheduler_job.py:629} INFO - Processing file /home/airflow/.local/lib/python3.6/site-packages/airflow/example_dags/tutorial_etl_dag.py for tasks to queue
[2021-03-28 22:56:27,246] {logging_mixin.py:103} INFO - [2021-03-28 22:56:27,246] {dagbag.py:440} INFO - Filling up the DagBag from /home/airflow/.local/lib/python3.6/site-packages/airflow/example_dags/tutorial_etl_dag.py
[2021-03-28 22:56:27,292] {scheduler_job.py:639} INFO - DAG(s) dict_keys(['tutorial_etl_dag']) retrieved from /home/airflow/.local/lib/python3.6/site-packages/airflow/example_dags/tutorial_etl_dag.py
[2021-03-28 22:56:27,296] {logging_mixin.py:103} INFO - [2021-03-28 22:56:27,295] {dag.py:1813} INFO - Sync 1 DAGs
[2021-03-28 22:56:27,339] {logging_mixin.py:103} INFO - [2021-03-28 22:56:27,339] {dag.py:2266} INFO - Setting next_dagrun for tutorial_etl_dag to None
[2021-03-28 22:56:27,499] {scheduler_job.py:189} INFO - Processing /home/airflow/.local/lib/python3.6/site-packages/airflow/example_dags/tutorial_etl_dag.py took 0.277 seconds
[2021-03-28 22:56:30,688] {scheduler_job.py:181} INFO - Started process (PID=985) to work on /home/airflow/.local/lib/python3.6/site-packages/airflow/example_dags/tutorial_etl_dag.py
[2021-03-28 22:56:30,690] {scheduler_job.py:629} INFO - Processing file /home/airflow/.local/lib/python3.6/site-packages/airflow/example_dags/tutorial_etl_dag.py for tasks to queue
[2021-03-28 22:56:30,691] {logging_mixin.py:103} INFO - [2021-03-28 22:56:30,691] {dagbag.py:440} INFO - Filling up the DagBag from /home/airflow/.local/lib/python3.6/site-packages/airflow/example_dags/tutorial_etl_dag.py
[2021-03-28 22:56:30,708] {scheduler_job.py:639} INFO - DAG(s) dict_keys(['tutorial_etl_dag']) retrieved from /home/airflow/.local/lib/python3.6/site-packages/airflow/example_dags/tutorial_etl_dag.py
[2021-03-28 22:56:30,711] {logging_mixin.py:103} INFO - [2021-03-28 22:56:30,710] {dag.py:1813} INFO - Sync 1 DAGs
[2021-03-28 22:56:30,749] {logging_mixin.py:103} INFO - [2021-03-28 22:56:30,748] {dag.py:2266} INFO - Setting next_dagrun for tutorial_etl_dag to None
[2021-03-28 22:56:30,797] {scheduler_job.py:189} INFO - Processing /home/airflow/.local/lib/python3.6/site-packages/airflow/example_dags/tutorial_etl_dag.py took 0.113 seconds
[2021-03-28 22:56:32,779] {scheduler_job.py:181} INFO - Started process (PID=1011) to work on /home/airflow/.local/lib/python3.6/site-packages/airflow/example_dags/tutorial_etl_dag.py
[2021-03-28 22:56:32,781] {scheduler_job.py:629} INFO - Processing file /home/airflow/.local/lib/python3.6/site-packages/airflow/example_dags/tutorial_etl_dag.py for tasks to queue
[2021-03-28 22:56:32,783] {logging_mixin.py:103} INFO - [2021-03-28 22:56:32,783] {dagbag.py:440} INFO - Filling up the DagBag from /home/airflow/.local/lib/python3.6/site-packages/airflow/example_dags/tutorial_etl_dag.py
[2021-03-28 22:56:32,802] {scheduler_job.py:639} INFO - DAG(s) dict_keys(['tutorial_etl_dag']) retrieved from /home/airflow/.local/lib/python3.6/site-packages/airflow/example_dags/tutorial_etl_dag.py
[2021-03-28 22:56:32,804] {logging_mixin.py:103} INFO - [2021-03-28 22:56:32,804] {dag.py:1813} INFO - Sync 1 DAGs
[2021-03-28 22:56:32,846] {logging_mixin.py:103} INFO - [2021-03-28 22:56:32,846] {dag.py:2266} INFO - Setting next_dagrun for tutorial_etl_dag to None
[2021-03-28 22:56:32,879] {scheduler_job.py:189} INFO - Processing /home/airflow/.local/lib/python3.6/site-packages/airflow/example_dags/tutorial_etl_dag.py took 0.104 seconds
[2021-03-28 22:56:34,865] {scheduler_job.py:181} INFO - Started process (PID=1037) to work on /home/airflow/.local/lib/python3.6/site-packages/airflow/example_dags/tutorial_etl_dag.py
[2021-03-28 22:56:34,867] {scheduler_job.py:629} INFO - Processing file /home/airflow/.local/lib/python3.6/site-packages/airflow/example_dags/tutorial_etl_dag.py for tasks to queue
[2021-03-28 22:56:34,868] {logging_mixin.py:103} INFO - [2021-03-28 22:56:34,868] {dagbag.py:440} INFO - Filling up the DagBag from /home/airflow/.local/lib/python3.6/site-packages/airflow/example_dags/tutorial_etl_dag.py
[2021-03-28 22:56:34,891] {scheduler_job.py:639} INFO - DAG(s) dict_keys(['tutorial_etl_dag']) retrieved from /home/airflow/.local/lib/python3.6/site-packages/airflow/example_dags/tutorial_etl_dag.py
[2021-03-28 22:56:34,893] {logging_mixin.py:103} INFO - [2021-03-28 22:56:34,893] {dag.py:1813} INFO - Sync 1 DAGs
[2021-03-28 22:56:34,932] {logging_mixin.py:103} INFO - [2021-03-28 22:56:34,932] {dag.py:2266} INFO - Setting next_dagrun for tutorial_etl_dag to None
[2021-03-28 22:56:34,994] {scheduler_job.py:189} INFO - Processing /home/airflow/.local/lib/python3.6/site-packages/airflow/example_dags/tutorial_etl_dag.py took 0.133 seconds
[2021-03-28 22:56:42,211] {scheduler_job.py:181} INFO - Started process (PID=1089) to work on /home/airflow/.local/lib/python3.6/site-packages/airflow/example_dags/tutorial_etl_dag.py
[2021-03-28 22:56:42,216] {scheduler_job.py:629} INFO - Processing file /home/airflow/.local/lib/python3.6/site-packages/airflow/example_dags/tutorial_etl_dag.py for tasks to queue
[2021-03-28 22:56:42,219] {logging_mixin.py:103} INFO - [2021-03-28 22:56:42,219] {dagbag.py:440} INFO - Filling up the DagBag from /home/airflow/.local/lib/python3.6/site-packages/airflow/example_dags/tutorial_etl_dag.py
[2021-03-28 22:56:42,257] {scheduler_job.py:639} INFO - DAG(s) dict_keys(['tutorial_etl_dag']) retrieved from /home/airflow/.local/lib/python3.6/site-packages/airflow/example_dags/tutorial_etl_dag.py
[2021-03-28 22:56:42,266] {logging_mixin.py:103} INFO - [2021-03-28 22:56:42,266] {dag.py:1813} INFO - Sync 1 DAGs
[2021-03-28 22:56:42,360] {logging_mixin.py:103} INFO - [2021-03-28 22:56:42,360] {dag.py:2266} INFO - Setting next_dagrun for tutorial_etl_dag to None
[2021-03-28 22:56:42,520] {scheduler_job.py:189} INFO - Processing /home/airflow/.local/lib/python3.6/site-packages/airflow/example_dags/tutorial_etl_dag.py took 0.320 seconds
[2021-03-28 22:56:51,759] {scheduler_job.py:181} INFO - Started process (PID=1141) to work on /home/airflow/.local/lib/python3.6/site-packages/airflow/example_dags/tutorial_etl_dag.py
[2021-03-28 22:56:51,761] {scheduler_job.py:629} INFO - Processing file /home/airflow/.local/lib/python3.6/site-packages/airflow/example_dags/tutorial_etl_dag.py for tasks to queue
[2021-03-28 22:56:51,762] {logging_mixin.py:103} INFO - [2021-03-28 22:56:51,762] {dagbag.py:440} INFO - Filling up the DagBag from /home/airflow/.local/lib/python3.6/site-packages/airflow/example_dags/tutorial_etl_dag.py
[2021-03-28 22:56:51,780] {scheduler_job.py:639} INFO - DAG(s) dict_keys(['tutorial_etl_dag']) retrieved from /home/airflow/.local/lib/python3.6/site-packages/airflow/example_dags/tutorial_etl_dag.py
[2021-03-28 22:56:51,782] {logging_mixin.py:103} INFO - [2021-03-28 22:56:51,782] {dag.py:1813} INFO - Sync 1 DAGs
[2021-03-28 22:56:51,817] {logging_mixin.py:103} INFO - [2021-03-28 22:56:51,817] {dag.py:2266} INFO - Setting next_dagrun for tutorial_etl_dag to None
[2021-03-28 22:56:51,850] {scheduler_job.py:189} INFO - Processing /home/airflow/.local/lib/python3.6/site-packages/airflow/example_dags/tutorial_etl_dag.py took 0.095 seconds
[2021-03-28 22:56:56,102] {scheduler_job.py:181} INFO - Started process (PID=1193) to work on /home/airflow/.local/lib/python3.6/site-packages/airflow/example_dags/tutorial_etl_dag.py
[2021-03-28 22:56:56,108] {scheduler_job.py:629} INFO - Processing file /home/airflow/.local/lib/python3.6/site-packages/airflow/example_dags/tutorial_etl_dag.py for tasks to queue
[2021-03-28 22:56:56,112] {logging_mixin.py:103} INFO - [2021-03-28 22:56:56,111] {dagbag.py:440} INFO - Filling up the DagBag from /home/airflow/.local/lib/python3.6/site-packages/airflow/example_dags/tutorial_etl_dag.py
[2021-03-28 22:56:56,144] {scheduler_job.py:639} INFO - DAG(s) dict_keys(['tutorial_etl_dag']) retrieved from /home/airflow/.local/lib/python3.6/site-packages/airflow/example_dags/tutorial_etl_dag.py
[2021-03-28 22:56:56,147] {logging_mixin.py:103} INFO - [2021-03-28 22:56:56,147] {dag.py:1813} INFO - Sync 1 DAGs
[2021-03-28 22:56:56,203] {logging_mixin.py:103} INFO - [2021-03-28 22:56:56,203] {dag.py:2266} INFO - Setting next_dagrun for tutorial_etl_dag to None
[2021-03-28 22:56:56,236] {scheduler_job.py:189} INFO - Processing /home/airflow/.local/lib/python3.6/site-packages/airflow/example_dags/tutorial_etl_dag.py took 0.142 seconds
[2021-03-28 22:56:58,429] {scheduler_job.py:181} INFO - Started process (PID=1219) to work on /home/airflow/.local/lib/python3.6/site-packages/airflow/example_dags/tutorial_etl_dag.py
[2021-03-28 22:56:58,433] {scheduler_job.py:629} INFO - Processing file /home/airflow/.local/lib/python3.6/site-packages/airflow/example_dags/tutorial_etl_dag.py for tasks to queue
[2021-03-28 22:56:58,434] {logging_mixin.py:103} INFO - [2021-03-28 22:56:58,434] {dagbag.py:440} INFO - Filling up the DagBag from /home/airflow/.local/lib/python3.6/site-packages/airflow/example_dags/tutorial_etl_dag.py
[2021-03-28 22:56:58,452] {scheduler_job.py:639} INFO - DAG(s) dict_keys(['tutorial_etl_dag']) retrieved from /home/airflow/.local/lib/python3.6/site-packages/airflow/example_dags/tutorial_etl_dag.py
[2021-03-28 22:56:58,454] {logging_mixin.py:103} INFO - [2021-03-28 22:56:58,454] {dag.py:1813} INFO - Sync 1 DAGs
[2021-03-28 22:56:58,505] {logging_mixin.py:103} INFO - [2021-03-28 22:56:58,504] {dag.py:2266} INFO - Setting next_dagrun for tutorial_etl_dag to None
[2021-03-28 22:56:58,536] {scheduler_job.py:189} INFO - Processing /home/airflow/.local/lib/python3.6/site-packages/airflow/example_dags/tutorial_etl_dag.py took 0.111 seconds
[2021-03-28 22:57:00,483] {scheduler_job.py:181} INFO - Started process (PID=1245) to work on /home/airflow/.local/lib/python3.6/site-packages/airflow/example_dags/tutorial_etl_dag.py
[2021-03-28 22:57:00,486] {scheduler_job.py:629} INFO - Processing file /home/airflow/.local/lib/python3.6/site-packages/airflow/example_dags/tutorial_etl_dag.py for tasks to queue
[2021-03-28 22:57:00,488] {logging_mixin.py:103} INFO - [2021-03-28 22:57:00,488] {dagbag.py:440} INFO - Filling up the DagBag from /home/airflow/.local/lib/python3.6/site-packages/airflow/example_dags/tutorial_etl_dag.py
[2021-03-28 22:57:00,522] {scheduler_job.py:639} INFO - DAG(s) dict_keys(['tutorial_etl_dag']) retrieved from /home/airflow/.local/lib/python3.6/site-packages/airflow/example_dags/tutorial_etl_dag.py
[2021-03-28 22:57:00,524] {logging_mixin.py:103} INFO - [2021-03-28 22:57:00,524] {dag.py:1813} INFO - Sync 1 DAGs
[2021-03-28 22:57:00,603] {logging_mixin.py:103} INFO - [2021-03-28 22:57:00,603] {dag.py:2266} INFO - Setting next_dagrun for tutorial_etl_dag to None
[2021-03-28 22:57:00,648] {scheduler_job.py:189} INFO - Processing /home/airflow/.local/lib/python3.6/site-packages/airflow/example_dags/tutorial_etl_dag.py took 0.169 seconds
[2021-03-28 22:57:02,388] {scheduler_job.py:181} INFO - Started process (PID=1271) to work on /home/airflow/.local/lib/python3.6/site-packages/airflow/example_dags/tutorial_etl_dag.py
[2021-03-28 22:57:02,390] {scheduler_job.py:629} INFO - Processing file /home/airflow/.local/lib/python3.6/site-packages/airflow/example_dags/tutorial_etl_dag.py for tasks to queue
[2021-03-28 22:57:02,395] {logging_mixin.py:103} INFO - [2021-03-28 22:57:02,395] {dagbag.py:440} INFO - Filling up the DagBag from /home/airflow/.local/lib/python3.6/site-packages/airflow/example_dags/tutorial_etl_dag.py
[2021-03-28 22:57:02,416] {scheduler_job.py:639} INFO - DAG(s) dict_keys(['tutorial_etl_dag']) retrieved from /home/airflow/.local/lib/python3.6/site-packages/airflow/example_dags/tutorial_etl_dag.py
[2021-03-28 22:57:02,420] {logging_mixin.py:103} INFO - [2021-03-28 22:57:02,420] {dag.py:1813} INFO - Sync 1 DAGs
[2021-03-28 22:57:02,451] {logging_mixin.py:103} INFO - [2021-03-28 22:57:02,451] {dag.py:2266} INFO - Setting next_dagrun for tutorial_etl_dag to None
[2021-03-28 22:57:02,476] {scheduler_job.py:189} INFO - Processing /home/airflow/.local/lib/python3.6/site-packages/airflow/example_dags/tutorial_etl_dag.py took 0.092 seconds
[2021-03-28 22:57:06,482] {scheduler_job.py:181} INFO - Started process (PID=1323) to work on /home/airflow/.local/lib/python3.6/site-packages/airflow/example_dags/tutorial_etl_dag.py
[2021-03-28 22:57:06,488] {scheduler_job.py:629} INFO - Processing file /home/airflow/.local/lib/python3.6/site-packages/airflow/example_dags/tutorial_etl_dag.py for tasks to queue
[2021-03-28 22:57:06,491] {logging_mixin.py:103} INFO - [2021-03-28 22:57:06,491] {dagbag.py:440} INFO - Filling up the DagBag from /home/airflow/.local/lib/python3.6/site-packages/airflow/example_dags/tutorial_etl_dag.py
[2021-03-28 22:57:06,524] {scheduler_job.py:639} INFO - DAG(s) dict_keys(['tutorial_etl_dag']) retrieved from /home/airflow/.local/lib/python3.6/site-packages/airflow/example_dags/tutorial_etl_dag.py
[2021-03-28 22:57:06,526] {logging_mixin.py:103} INFO - [2021-03-28 22:57:06,526] {dag.py:1813} INFO - Sync 1 DAGs
[2021-03-28 22:57:06,609] {logging_mixin.py:103} INFO - [2021-03-28 22:57:06,609] {dag.py:2266} INFO - Setting next_dagrun for tutorial_etl_dag to None
[2021-03-28 22:57:06,682] {scheduler_job.py:189} INFO - Processing /home/airflow/.local/lib/python3.6/site-packages/airflow/example_dags/tutorial_etl_dag.py took 0.215 seconds
[2021-03-28 22:57:12,237] {scheduler_job.py:181} INFO - Started process (PID=1375) to work on /home/airflow/.local/lib/python3.6/site-packages/airflow/example_dags/tutorial_etl_dag.py
[2021-03-28 22:57:12,240] {scheduler_job.py:629} INFO - Processing file /home/airflow/.local/lib/python3.6/site-packages/airflow/example_dags/tutorial_etl_dag.py for tasks to queue
[2021-03-28 22:57:12,244] {logging_mixin.py:103} INFO - [2021-03-28 22:57:12,243] {dagbag.py:440} INFO - Filling up the DagBag from /home/airflow/.local/lib/python3.6/site-packages/airflow/example_dags/tutorial_etl_dag.py
[2021-03-28 22:57:12,266] {scheduler_job.py:639} INFO - DAG(s) dict_keys(['tutorial_etl_dag']) retrieved from /home/airflow/.local/lib/python3.6/site-packages/airflow/example_dags/tutorial_etl_dag.py
[2021-03-28 22:57:12,269] {logging_mixin.py:103} INFO - [2021-03-28 22:57:12,269] {dag.py:1813} INFO - Sync 1 DAGs
[2021-03-28 22:57:12,323] {logging_mixin.py:103} INFO - [2021-03-28 22:57:12,323] {dag.py:2266} INFO - Setting next_dagrun for tutorial_etl_dag to None
[2021-03-28 22:57:12,357] {scheduler_job.py:189} INFO - Processing /home/airflow/.local/lib/python3.6/site-packages/airflow/example_dags/tutorial_etl_dag.py took 0.128 seconds
[2021-03-28 22:57:15,184] {scheduler_job.py:181} INFO - Started process (PID=1401) to work on /home/airflow/.local/lib/python3.6/site-packages/airflow/example_dags/tutorial_etl_dag.py
[2021-03-28 22:57:15,190] {scheduler_job.py:629} INFO - Processing file /home/airflow/.local/lib/python3.6/site-packages/airflow/example_dags/tutorial_etl_dag.py for tasks to queue
[2021-03-28 22:57:15,192] {logging_mixin.py:103} INFO - [2021-03-28 22:57:15,192] {dagbag.py:440} INFO - Filling up the DagBag from /home/airflow/.local/lib/python3.6/site-packages/airflow/example_dags/tutorial_etl_dag.py
[2021-03-28 22:57:15,224] {scheduler_job.py:639} INFO - DAG(s) dict_keys(['tutorial_etl_dag']) retrieved from /home/airflow/.local/lib/python3.6/site-packages/airflow/example_dags/tutorial_etl_dag.py
[2021-03-28 22:57:15,227] {logging_mixin.py:103} INFO - [2021-03-28 22:57:15,227] {dag.py:1813} INFO - Sync 1 DAGs
[2021-03-28 22:57:15,282] {logging_mixin.py:103} INFO - [2021-03-28 22:57:15,282] {dag.py:2266} INFO - Setting next_dagrun for tutorial_etl_dag to None
[2021-03-28 22:57:15,331] {scheduler_job.py:189} INFO - Processing /home/airflow/.local/lib/python3.6/site-packages/airflow/example_dags/tutorial_etl_dag.py took 0.150 seconds
[2021-03-28 22:57:17,980] {scheduler_job.py:181} INFO - Started process (PID=1427) to work on /home/airflow/.local/lib/python3.6/site-packages/airflow/example_dags/tutorial_etl_dag.py
[2021-03-28 22:57:17,982] {scheduler_job.py:629} INFO - Processing file /home/airflow/.local/lib/python3.6/site-packages/airflow/example_dags/tutorial_etl_dag.py for tasks to queue
[2021-03-28 22:57:17,984] {logging_mixin.py:103} INFO - [2021-03-28 22:57:17,984] {dagbag.py:440} INFO - Filling up the DagBag from /home/airflow/.local/lib/python3.6/site-packages/airflow/example_dags/tutorial_etl_dag.py
[2021-03-28 22:57:18,006] {scheduler_job.py:639} INFO - DAG(s) dict_keys(['tutorial_etl_dag']) retrieved from /home/airflow/.local/lib/python3.6/site-packages/airflow/example_dags/tutorial_etl_dag.py
[2021-03-28 22:57:18,008] {logging_mixin.py:103} INFO - [2021-03-28 22:57:18,008] {dag.py:1813} INFO - Sync 1 DAGs
[2021-03-28 22:57:18,044] {logging_mixin.py:103} INFO - [2021-03-28 22:57:18,044] {dag.py:2266} INFO - Setting next_dagrun for tutorial_etl_dag to None
[2021-03-28 22:57:18,187] {scheduler_job.py:189} INFO - Processing /home/airflow/.local/lib/python3.6/site-packages/airflow/example_dags/tutorial_etl_dag.py took 0.211 seconds
[2021-03-28 22:57:24,088] {scheduler_job.py:181} INFO - Started process (PID=1479) to work on /home/airflow/.local/lib/python3.6/site-packages/airflow/example_dags/tutorial_etl_dag.py
[2021-03-28 22:57:24,090] {scheduler_job.py:629} INFO - Processing file /home/airflow/.local/lib/python3.6/site-packages/airflow/example_dags/tutorial_etl_dag.py for tasks to queue
[2021-03-28 22:57:24,092] {logging_mixin.py:103} INFO - [2021-03-28 22:57:24,092] {dagbag.py:440} INFO - Filling up the DagBag from /home/airflow/.local/lib/python3.6/site-packages/airflow/example_dags/tutorial_etl_dag.py
[2021-03-28 22:57:24,109] {scheduler_job.py:639} INFO - DAG(s) dict_keys(['tutorial_etl_dag']) retrieved from /home/airflow/.local/lib/python3.6/site-packages/airflow/example_dags/tutorial_etl_dag.py
[2021-03-28 22:57:24,112] {logging_mixin.py:103} INFO - [2021-03-28 22:57:24,112] {dag.py:1813} INFO - Sync 1 DAGs
[2021-03-28 22:57:24,144] {logging_mixin.py:103} INFO - [2021-03-28 22:57:24,144] {dag.py:2266} INFO - Setting next_dagrun for tutorial_etl_dag to None
[2021-03-28 22:57:24,167] {scheduler_job.py:189} INFO - Processing /home/airflow/.local/lib/python3.6/site-packages/airflow/example_dags/tutorial_etl_dag.py took 0.084 seconds
[2021-03-28 22:57:26,645] {scheduler_job.py:181} INFO - Started process (PID=1505) to work on /home/airflow/.local/lib/python3.6/site-packages/airflow/example_dags/tutorial_etl_dag.py
[2021-03-28 22:57:26,647] {scheduler_job.py:629} INFO - Processing file /home/airflow/.local/lib/python3.6/site-packages/airflow/example_dags/tutorial_etl_dag.py for tasks to queue
[2021-03-28 22:57:26,648] {logging_mixin.py:103} INFO - [2021-03-28 22:57:26,648] {dagbag.py:440} INFO - Filling up the DagBag from /home/airflow/.local/lib/python3.6/site-packages/airflow/example_dags/tutorial_etl_dag.py
[2021-03-28 22:57:26,665] {scheduler_job.py:639} INFO - DAG(s) dict_keys(['tutorial_etl_dag']) retrieved from /home/airflow/.local/lib/python3.6/site-packages/airflow/example_dags/tutorial_etl_dag.py
[2021-03-28 22:57:26,667] {logging_mixin.py:103} INFO - [2021-03-28 22:57:26,667] {dag.py:1813} INFO - Sync 1 DAGs
[2021-03-28 22:57:26,703] {logging_mixin.py:103} INFO - [2021-03-28 22:57:26,703] {dag.py:2266} INFO - Setting next_dagrun for tutorial_etl_dag to None
[2021-03-28 22:57:26,912] {scheduler_job.py:189} INFO - Processing /home/airflow/.local/lib/python3.6/site-packages/airflow/example_dags/tutorial_etl_dag.py took 0.271 seconds
[2021-03-28 22:57:29,829] {scheduler_job.py:181} INFO - Started process (PID=1531) to work on /home/airflow/.local/lib/python3.6/site-packages/airflow/example_dags/tutorial_etl_dag.py
[2021-03-28 22:57:29,832] {scheduler_job.py:629} INFO - Processing file /home/airflow/.local/lib/python3.6/site-packages/airflow/example_dags/tutorial_etl_dag.py for tasks to queue
[2021-03-28 22:57:29,835] {logging_mixin.py:103} INFO - [2021-03-28 22:57:29,834] {dagbag.py:440} INFO - Filling up the DagBag from /home/airflow/.local/lib/python3.6/site-packages/airflow/example_dags/tutorial_etl_dag.py
[2021-03-28 22:57:29,860] {scheduler_job.py:639} INFO - DAG(s) dict_keys(['tutorial_etl_dag']) retrieved from /home/airflow/.local/lib/python3.6/site-packages/airflow/example_dags/tutorial_etl_dag.py
[2021-03-28 22:57:29,865] {logging_mixin.py:103} INFO - [2021-03-28 22:57:29,865] {dag.py:1813} INFO - Sync 1 DAGs
[2021-03-28 22:57:29,939] {logging_mixin.py:103} INFO - [2021-03-28 22:57:29,939] {dag.py:2266} INFO - Setting next_dagrun for tutorial_etl_dag to None
[2021-03-28 22:57:29,988] {scheduler_job.py:189} INFO - Processing /home/airflow/.local/lib/python3.6/site-packages/airflow/example_dags/tutorial_etl_dag.py took 0.167 seconds
[2021-03-28 22:57:36,791] {scheduler_job.py:181} INFO - Started process (PID=1583) to work on /home/airflow/.local/lib/python3.6/site-packages/airflow/example_dags/tutorial_etl_dag.py
[2021-03-28 22:57:36,793] {scheduler_job.py:629} INFO - Processing file /home/airflow/.local/lib/python3.6/site-packages/airflow/example_dags/tutorial_etl_dag.py for tasks to queue
[2021-03-28 22:57:36,795] {logging_mixin.py:103} INFO - [2021-03-28 22:57:36,795] {dagbag.py:440} INFO - Filling up the DagBag from /home/airflow/.local/lib/python3.6/site-packages/airflow/example_dags/tutorial_etl_dag.py
[2021-03-28 22:57:36,820] {scheduler_job.py:639} INFO - DAG(s) dict_keys(['tutorial_etl_dag']) retrieved from /home/airflow/.local/lib/python3.6/site-packages/airflow/example_dags/tutorial_etl_dag.py
[2021-03-28 22:57:36,823] {logging_mixin.py:103} INFO - [2021-03-28 22:57:36,823] {dag.py:1813} INFO - Sync 1 DAGs
[2021-03-28 22:57:36,868] {logging_mixin.py:103} INFO - [2021-03-28 22:57:36,868] {dag.py:2266} INFO - Setting next_dagrun for tutorial_etl_dag to None
[2021-03-28 22:57:37,027] {scheduler_job.py:189} INFO - Processing /home/airflow/.local/lib/python3.6/site-packages/airflow/example_dags/tutorial_etl_dag.py took 0.240 seconds
[2021-03-28 22:57:40,495] {scheduler_job.py:181} INFO - Started process (PID=1609) to work on /home/airflow/.local/lib/python3.6/site-packages/airflow/example_dags/tutorial_etl_dag.py
[2021-03-28 22:57:40,508] {scheduler_job.py:629} INFO - Processing file /home/airflow/.local/lib/python3.6/site-packages/airflow/example_dags/tutorial_etl_dag.py for tasks to queue
[2021-03-28 22:57:40,511] {logging_mixin.py:103} INFO - [2021-03-28 22:57:40,511] {dagbag.py:440} INFO - Filling up the DagBag from /home/airflow/.local/lib/python3.6/site-packages/airflow/example_dags/tutorial_etl_dag.py
[2021-03-28 22:57:40,541] {scheduler_job.py:639} INFO - DAG(s) dict_keys(['tutorial_etl_dag']) retrieved from /home/airflow/.local/lib/python3.6/site-packages/airflow/example_dags/tutorial_etl_dag.py
[2021-03-28 22:57:40,544] {logging_mixin.py:103} INFO - [2021-03-28 22:57:40,544] {dag.py:1813} INFO - Sync 1 DAGs
[2021-03-28 22:57:40,594] {logging_mixin.py:103} INFO - [2021-03-28 22:57:40,594] {dag.py:2266} INFO - Setting next_dagrun for tutorial_etl_dag to None
[2021-03-28 22:57:40,631] {scheduler_job.py:189} INFO - Processing /home/airflow/.local/lib/python3.6/site-packages/airflow/example_dags/tutorial_etl_dag.py took 0.140 seconds
[2021-03-28 22:57:43,590] {scheduler_job.py:181} INFO - Started process (PID=1635) to work on /home/airflow/.local/lib/python3.6/site-packages/airflow/example_dags/tutorial_etl_dag.py
[2021-03-28 22:57:43,592] {scheduler_job.py:629} INFO - Processing file /home/airflow/.local/lib/python3.6/site-packages/airflow/example_dags/tutorial_etl_dag.py for tasks to queue
[2021-03-28 22:57:43,594] {logging_mixin.py:103} INFO - [2021-03-28 22:57:43,594] {dagbag.py:440} INFO - Filling up the DagBag from /home/airflow/.local/lib/python3.6/site-packages/airflow/example_dags/tutorial_etl_dag.py
[2021-03-28 22:57:43,616] {scheduler_job.py:639} INFO - DAG(s) dict_keys(['tutorial_etl_dag']) retrieved from /home/airflow/.local/lib/python3.6/site-packages/airflow/example_dags/tutorial_etl_dag.py
[2021-03-28 22:57:43,619] {logging_mixin.py:103} INFO - [2021-03-28 22:57:43,619] {dag.py:1813} INFO - Sync 1 DAGs
[2021-03-28 22:57:43,684] {logging_mixin.py:103} INFO - [2021-03-28 22:57:43,684] {dag.py:2266} INFO - Setting next_dagrun for tutorial_etl_dag to None
[2021-03-28 22:57:43,777] {scheduler_job.py:189} INFO - Processing /home/airflow/.local/lib/python3.6/site-packages/airflow/example_dags/tutorial_etl_dag.py took 0.192 seconds
[2021-03-28 22:57:49,973] {scheduler_job.py:181} INFO - Started process (PID=1687) to work on /home/airflow/.local/lib/python3.6/site-packages/airflow/example_dags/tutorial_etl_dag.py
[2021-03-28 22:57:49,983] {scheduler_job.py:629} INFO - Processing file /home/airflow/.local/lib/python3.6/site-packages/airflow/example_dags/tutorial_etl_dag.py for tasks to queue
[2021-03-28 22:57:49,984] {logging_mixin.py:103} INFO - [2021-03-28 22:57:49,984] {dagbag.py:440} INFO - Filling up the DagBag from /home/airflow/.local/lib/python3.6/site-packages/airflow/example_dags/tutorial_etl_dag.py
[2021-03-28 22:57:50,022] {scheduler_job.py:639} INFO - DAG(s) dict_keys(['tutorial_etl_dag']) retrieved from /home/airflow/.local/lib/python3.6/site-packages/airflow/example_dags/tutorial_etl_dag.py
[2021-03-28 22:57:50,031] {logging_mixin.py:103} INFO - [2021-03-28 22:57:50,031] {dag.py:1813} INFO - Sync 1 DAGs
[2021-03-28 22:57:50,076] {logging_mixin.py:103} INFO - [2021-03-28 22:57:50,076] {dag.py:2266} INFO - Setting next_dagrun for tutorial_etl_dag to None
[2021-03-28 22:57:50,143] {scheduler_job.py:189} INFO - Processing /home/airflow/.local/lib/python3.6/site-packages/airflow/example_dags/tutorial_etl_dag.py took 0.174 seconds
[2021-03-28 22:57:55,423] {scheduler_job.py:181} INFO - Started process (PID=1739) to work on /home/airflow/.local/lib/python3.6/site-packages/airflow/example_dags/tutorial_etl_dag.py
[2021-03-28 22:57:55,427] {scheduler_job.py:629} INFO - Processing file /home/airflow/.local/lib/python3.6/site-packages/airflow/example_dags/tutorial_etl_dag.py for tasks to queue
[2021-03-28 22:57:55,430] {logging_mixin.py:103} INFO - [2021-03-28 22:57:55,430] {dagbag.py:440} INFO - Filling up the DagBag from /home/airflow/.local/lib/python3.6/site-packages/airflow/example_dags/tutorial_etl_dag.py
[2021-03-28 22:57:55,455] {scheduler_job.py:639} INFO - DAG(s) dict_keys(['tutorial_etl_dag']) retrieved from /home/airflow/.local/lib/python3.6/site-packages/airflow/example_dags/tutorial_etl_dag.py
[2021-03-28 22:57:55,458] {logging_mixin.py:103} INFO - [2021-03-28 22:57:55,458] {dag.py:1813} INFO - Sync 1 DAGs
[2021-03-28 22:57:55,533] {logging_mixin.py:103} INFO - [2021-03-28 22:57:55,532] {dag.py:2266} INFO - Setting next_dagrun for tutorial_etl_dag to None
[2021-03-28 22:57:55,595] {scheduler_job.py:189} INFO - Processing /home/airflow/.local/lib/python3.6/site-packages/airflow/example_dags/tutorial_etl_dag.py took 0.180 seconds
[2021-03-28 22:57:58,416] {scheduler_job.py:181} INFO - Started process (PID=1765) to work on /home/airflow/.local/lib/python3.6/site-packages/airflow/example_dags/tutorial_etl_dag.py
[2021-03-28 22:57:58,419] {scheduler_job.py:629} INFO - Processing file /home/airflow/.local/lib/python3.6/site-packages/airflow/example_dags/tutorial_etl_dag.py for tasks to queue
[2021-03-28 22:57:58,421] {logging_mixin.py:103} INFO - [2021-03-28 22:57:58,421] {dagbag.py:440} INFO - Filling up the DagBag from /home/airflow/.local/lib/python3.6/site-packages/airflow/example_dags/tutorial_etl_dag.py
[2021-03-28 22:57:58,457] {scheduler_job.py:639} INFO - DAG(s) dict_keys(['tutorial_etl_dag']) retrieved from /home/airflow/.local/lib/python3.6/site-packages/airflow/example_dags/tutorial_etl_dag.py
[2021-03-28 22:57:58,461] {logging_mixin.py:103} INFO - [2021-03-28 22:57:58,460] {dag.py:1813} INFO - Sync 1 DAGs
[2021-03-28 22:57:58,531] {logging_mixin.py:103} INFO - [2021-03-28 22:57:58,530] {dag.py:2266} INFO - Setting next_dagrun for tutorial_etl_dag to None
[2021-03-28 22:57:58,582] {scheduler_job.py:189} INFO - Processing /home/airflow/.local/lib/python3.6/site-packages/airflow/example_dags/tutorial_etl_dag.py took 0.183 seconds
[2021-03-28 22:58:01,184] {scheduler_job.py:181} INFO - Started process (PID=1791) to work on /home/airflow/.local/lib/python3.6/site-packages/airflow/example_dags/tutorial_etl_dag.py
[2021-03-28 22:58:01,187] {scheduler_job.py:629} INFO - Processing file /home/airflow/.local/lib/python3.6/site-packages/airflow/example_dags/tutorial_etl_dag.py for tasks to queue
[2021-03-28 22:58:01,189] {logging_mixin.py:103} INFO - [2021-03-28 22:58:01,188] {dagbag.py:440} INFO - Filling up the DagBag from /home/airflow/.local/lib/python3.6/site-packages/airflow/example_dags/tutorial_etl_dag.py
[2021-03-28 22:58:01,213] {scheduler_job.py:639} INFO - DAG(s) dict_keys(['tutorial_etl_dag']) retrieved from /home/airflow/.local/lib/python3.6/site-packages/airflow/example_dags/tutorial_etl_dag.py
[2021-03-28 22:58:01,216] {logging_mixin.py:103} INFO - [2021-03-28 22:58:01,215] {dag.py:1813} INFO - Sync 1 DAGs
[2021-03-28 22:58:01,273] {logging_mixin.py:103} INFO - [2021-03-28 22:58:01,273] {dag.py:2266} INFO - Setting next_dagrun for tutorial_etl_dag to None
[2021-03-28 22:58:01,310] {scheduler_job.py:189} INFO - Processing /home/airflow/.local/lib/python3.6/site-packages/airflow/example_dags/tutorial_etl_dag.py took 0.133 seconds
[2021-03-28 22:58:05,934] {scheduler_job.py:181} INFO - Started process (PID=1843) to work on /home/airflow/.local/lib/python3.6/site-packages/airflow/example_dags/tutorial_etl_dag.py
[2021-03-28 22:58:05,936] {scheduler_job.py:629} INFO - Processing file /home/airflow/.local/lib/python3.6/site-packages/airflow/example_dags/tutorial_etl_dag.py for tasks to queue
[2021-03-28 22:58:05,937] {logging_mixin.py:103} INFO - [2021-03-28 22:58:05,937] {dagbag.py:440} INFO - Filling up the DagBag from /home/airflow/.local/lib/python3.6/site-packages/airflow/example_dags/tutorial_etl_dag.py
[2021-03-28 22:58:05,951] {scheduler_job.py:639} INFO - DAG(s) dict_keys(['tutorial_etl_dag']) retrieved from /home/airflow/.local/lib/python3.6/site-packages/airflow/example_dags/tutorial_etl_dag.py
[2021-03-28 22:58:05,953] {logging_mixin.py:103} INFO - [2021-03-28 22:58:05,953] {dag.py:1813} INFO - Sync 1 DAGs
[2021-03-28 22:58:05,987] {logging_mixin.py:103} INFO - [2021-03-28 22:58:05,986] {dag.py:2266} INFO - Setting next_dagrun for tutorial_etl_dag to None
[2021-03-28 22:58:06,106] {scheduler_job.py:189} INFO - Processing /home/airflow/.local/lib/python3.6/site-packages/airflow/example_dags/tutorial_etl_dag.py took 0.175 seconds
[2021-03-28 22:58:09,073] {scheduler_job.py:181} INFO - Started process (PID=1869) to work on /home/airflow/.local/lib/python3.6/site-packages/airflow/example_dags/tutorial_etl_dag.py
[2021-03-28 22:58:09,077] {scheduler_job.py:629} INFO - Processing file /home/airflow/.local/lib/python3.6/site-packages/airflow/example_dags/tutorial_etl_dag.py for tasks to queue
[2021-03-28 22:58:09,080] {logging_mixin.py:103} INFO - [2021-03-28 22:58:09,079] {dagbag.py:440} INFO - Filling up the DagBag from /home/airflow/.local/lib/python3.6/site-packages/airflow/example_dags/tutorial_etl_dag.py
[2021-03-28 22:58:09,116] {scheduler_job.py:639} INFO - DAG(s) dict_keys(['tutorial_etl_dag']) retrieved from /home/airflow/.local/lib/python3.6/site-packages/airflow/example_dags/tutorial_etl_dag.py
[2021-03-28 22:58:09,118] {logging_mixin.py:103} INFO - [2021-03-28 22:58:09,118] {dag.py:1813} INFO - Sync 1 DAGs
[2021-03-28 22:58:09,148] {logging_mixin.py:103} INFO - [2021-03-28 22:58:09,148] {dag.py:2266} INFO - Setting next_dagrun for tutorial_etl_dag to None
[2021-03-28 22:58:09,331] {scheduler_job.py:189} INFO - Processing /home/airflow/.local/lib/python3.6/site-packages/airflow/example_dags/tutorial_etl_dag.py took 0.271 seconds
[2021-03-28 22:58:12,353] {scheduler_job.py:181} INFO - Started process (PID=1895) to work on /home/airflow/.local/lib/python3.6/site-packages/airflow/example_dags/tutorial_etl_dag.py
[2021-03-28 22:58:12,355] {scheduler_job.py:629} INFO - Processing file /home/airflow/.local/lib/python3.6/site-packages/airflow/example_dags/tutorial_etl_dag.py for tasks to queue
[2021-03-28 22:58:12,357] {logging_mixin.py:103} INFO - [2021-03-28 22:58:12,357] {dagbag.py:440} INFO - Filling up the DagBag from /home/airflow/.local/lib/python3.6/site-packages/airflow/example_dags/tutorial_etl_dag.py
[2021-03-28 22:58:12,395] {scheduler_job.py:639} INFO - DAG(s) dict_keys(['tutorial_etl_dag']) retrieved from /home/airflow/.local/lib/python3.6/site-packages/airflow/example_dags/tutorial_etl_dag.py
[2021-03-28 22:58:12,407] {logging_mixin.py:103} INFO - [2021-03-28 22:58:12,406] {dag.py:1813} INFO - Sync 1 DAGs
[2021-03-28 22:58:12,515] {logging_mixin.py:103} INFO - [2021-03-28 22:58:12,515] {dag.py:2266} INFO - Setting next_dagrun for tutorial_etl_dag to None
[2021-03-28 22:58:12,596] {scheduler_job.py:189} INFO - Processing /home/airflow/.local/lib/python3.6/site-packages/airflow/example_dags/tutorial_etl_dag.py took 0.258 seconds
[2021-03-28 22:58:18,603] {scheduler_job.py:181} INFO - Started process (PID=1947) to work on /home/airflow/.local/lib/python3.6/site-packages/airflow/example_dags/tutorial_etl_dag.py
[2021-03-28 22:58:18,610] {scheduler_job.py:629} INFO - Processing file /home/airflow/.local/lib/python3.6/site-packages/airflow/example_dags/tutorial_etl_dag.py for tasks to queue
[2021-03-28 22:58:18,612] {logging_mixin.py:103} INFO - [2021-03-28 22:58:18,612] {dagbag.py:440} INFO - Filling up the DagBag from /home/airflow/.local/lib/python3.6/site-packages/airflow/example_dags/tutorial_etl_dag.py
[2021-03-28 22:58:18,634] {scheduler_job.py:639} INFO - DAG(s) dict_keys(['tutorial_etl_dag']) retrieved from /home/airflow/.local/lib/python3.6/site-packages/airflow/example_dags/tutorial_etl_dag.py
[2021-03-28 22:58:18,636] {logging_mixin.py:103} INFO - [2021-03-28 22:58:18,636] {dag.py:1813} INFO - Sync 1 DAGs
[2021-03-28 22:58:18,670] {logging_mixin.py:103} INFO - [2021-03-28 22:58:18,670] {dag.py:2266} INFO - Setting next_dagrun for tutorial_etl_dag to None
[2021-03-28 22:58:18,724] {scheduler_job.py:189} INFO - Processing /home/airflow/.local/lib/python3.6/site-packages/airflow/example_dags/tutorial_etl_dag.py took 0.126 seconds
[2021-03-28 22:58:20,622] {scheduler_job.py:181} INFO - Started process (PID=1973) to work on /home/airflow/.local/lib/python3.6/site-packages/airflow/example_dags/tutorial_etl_dag.py
[2021-03-28 22:58:20,625] {scheduler_job.py:629} INFO - Processing file /home/airflow/.local/lib/python3.6/site-packages/airflow/example_dags/tutorial_etl_dag.py for tasks to queue
[2021-03-28 22:58:20,626] {logging_mixin.py:103} INFO - [2021-03-28 22:58:20,626] {dagbag.py:440} INFO - Filling up the DagBag from /home/airflow/.local/lib/python3.6/site-packages/airflow/example_dags/tutorial_etl_dag.py
[2021-03-28 22:58:20,649] {scheduler_job.py:639} INFO - DAG(s) dict_keys(['tutorial_etl_dag']) retrieved from /home/airflow/.local/lib/python3.6/site-packages/airflow/example_dags/tutorial_etl_dag.py
[2021-03-28 22:58:20,652] {logging_mixin.py:103} INFO - [2021-03-28 22:58:20,652] {dag.py:1813} INFO - Sync 1 DAGs
[2021-03-28 22:58:20,693] {logging_mixin.py:103} INFO - [2021-03-28 22:58:20,693] {dag.py:2266} INFO - Setting next_dagrun for tutorial_etl_dag to None
[2021-03-28 22:58:20,717] {scheduler_job.py:189} INFO - Processing /home/airflow/.local/lib/python3.6/site-packages/airflow/example_dags/tutorial_etl_dag.py took 0.099 seconds
[2021-03-28 22:58:23,089] {scheduler_job.py:181} INFO - Started process (PID=1999) to work on /home/airflow/.local/lib/python3.6/site-packages/airflow/example_dags/tutorial_etl_dag.py
[2021-03-28 22:58:23,095] {scheduler_job.py:629} INFO - Processing file /home/airflow/.local/lib/python3.6/site-packages/airflow/example_dags/tutorial_etl_dag.py for tasks to queue
[2021-03-28 22:58:23,101] {logging_mixin.py:103} INFO - [2021-03-28 22:58:23,100] {dagbag.py:440} INFO - Filling up the DagBag from /home/airflow/.local/lib/python3.6/site-packages/airflow/example_dags/tutorial_etl_dag.py
[2021-03-28 22:58:23,130] {scheduler_job.py:639} INFO - DAG(s) dict_keys(['tutorial_etl_dag']) retrieved from /home/airflow/.local/lib/python3.6/site-packages/airflow/example_dags/tutorial_etl_dag.py
[2021-03-28 22:58:23,133] {logging_mixin.py:103} INFO - [2021-03-28 22:58:23,133] {dag.py:1813} INFO - Sync 1 DAGs
[2021-03-28 22:58:23,236] {logging_mixin.py:103} INFO - [2021-03-28 22:58:23,236] {dag.py:2266} INFO - Setting next_dagrun for tutorial_etl_dag to None
[2021-03-28 22:58:23,315] {scheduler_job.py:189} INFO - Processing /home/airflow/.local/lib/python3.6/site-packages/airflow/example_dags/tutorial_etl_dag.py took 0.242 seconds
[2021-03-28 22:58:29,976] {scheduler_job.py:181} INFO - Started process (PID=2051) to work on /home/airflow/.local/lib/python3.6/site-packages/airflow/example_dags/tutorial_etl_dag.py
[2021-03-28 22:58:29,978] {scheduler_job.py:629} INFO - Processing file /home/airflow/.local/lib/python3.6/site-packages/airflow/example_dags/tutorial_etl_dag.py for tasks to queue
[2021-03-28 22:58:29,980] {logging_mixin.py:103} INFO - [2021-03-28 22:58:29,980] {dagbag.py:440} INFO - Filling up the DagBag from /home/airflow/.local/lib/python3.6/site-packages/airflow/example_dags/tutorial_etl_dag.py
[2021-03-28 22:58:30,001] {scheduler_job.py:639} INFO - DAG(s) dict_keys(['tutorial_etl_dag']) retrieved from /home/airflow/.local/lib/python3.6/site-packages/airflow/example_dags/tutorial_etl_dag.py
[2021-03-28 22:58:30,003] {logging_mixin.py:103} INFO - [2021-03-28 22:58:30,003] {dag.py:1813} INFO - Sync 1 DAGs
[2021-03-28 22:58:30,046] {logging_mixin.py:103} INFO - [2021-03-28 22:58:30,045] {dag.py:2266} INFO - Setting next_dagrun for tutorial_etl_dag to None
[2021-03-28 22:58:30,075] {scheduler_job.py:189} INFO - Processing /home/airflow/.local/lib/python3.6/site-packages/airflow/example_dags/tutorial_etl_dag.py took 0.108 seconds
[2021-03-28 22:58:36,004] {scheduler_job.py:181} INFO - Started process (PID=2103) to work on /home/airflow/.local/lib/python3.6/site-packages/airflow/example_dags/tutorial_etl_dag.py
[2021-03-28 22:58:36,008] {scheduler_job.py:629} INFO - Processing file /home/airflow/.local/lib/python3.6/site-packages/airflow/example_dags/tutorial_etl_dag.py for tasks to queue
[2021-03-28 22:58:36,011] {logging_mixin.py:103} INFO - [2021-03-28 22:58:36,010] {dagbag.py:440} INFO - Filling up the DagBag from /home/airflow/.local/lib/python3.6/site-packages/airflow/example_dags/tutorial_etl_dag.py
[2021-03-28 22:58:36,055] {scheduler_job.py:639} INFO - DAG(s) dict_keys(['tutorial_etl_dag']) retrieved from /home/airflow/.local/lib/python3.6/site-packages/airflow/example_dags/tutorial_etl_dag.py
[2021-03-28 22:58:36,062] {logging_mixin.py:103} INFO - [2021-03-28 22:58:36,062] {dag.py:1813} INFO - Sync 1 DAGs
[2021-03-28 22:58:36,126] {logging_mixin.py:103} INFO - [2021-03-28 22:58:36,125] {dag.py:2266} INFO - Setting next_dagrun for tutorial_etl_dag to None
[2021-03-28 22:58:36,413] {scheduler_job.py:189} INFO - Processing /home/airflow/.local/lib/python3.6/site-packages/airflow/example_dags/tutorial_etl_dag.py took 0.418 seconds
[2021-03-28 22:58:41,721] {scheduler_job.py:181} INFO - Started process (PID=2129) to work on /home/airflow/.local/lib/python3.6/site-packages/airflow/example_dags/tutorial_etl_dag.py
[2021-03-28 22:58:41,723] {scheduler_job.py:629} INFO - Processing file /home/airflow/.local/lib/python3.6/site-packages/airflow/example_dags/tutorial_etl_dag.py for tasks to queue
[2021-03-28 22:58:41,725] {logging_mixin.py:103} INFO - [2021-03-28 22:58:41,725] {dagbag.py:440} INFO - Filling up the DagBag from /home/airflow/.local/lib/python3.6/site-packages/airflow/example_dags/tutorial_etl_dag.py
[2021-03-28 22:58:41,744] {scheduler_job.py:639} INFO - DAG(s) dict_keys(['tutorial_etl_dag']) retrieved from /home/airflow/.local/lib/python3.6/site-packages/airflow/example_dags/tutorial_etl_dag.py
[2021-03-28 22:58:41,747] {logging_mixin.py:103} INFO - [2021-03-28 22:58:41,746] {dag.py:1813} INFO - Sync 1 DAGs
[2021-03-28 22:58:41,787] {logging_mixin.py:103} INFO - [2021-03-28 22:58:41,787] {dag.py:2266} INFO - Setting next_dagrun for tutorial_etl_dag to None
[2021-03-28 22:58:42,039] {scheduler_job.py:189} INFO - Processing /home/airflow/.local/lib/python3.6/site-packages/airflow/example_dags/tutorial_etl_dag.py took 0.322 seconds
[2021-03-28 22:58:47,634] {scheduler_job.py:181} INFO - Started process (PID=2156) to work on /home/airflow/.local/lib/python3.6/site-packages/airflow/example_dags/tutorial_etl_dag.py
[2021-03-28 22:58:47,643] {scheduler_job.py:629} INFO - Processing file /home/airflow/.local/lib/python3.6/site-packages/airflow/example_dags/tutorial_etl_dag.py for tasks to queue
[2021-03-28 22:58:47,645] {logging_mixin.py:103} INFO - [2021-03-28 22:58:47,645] {dagbag.py:440} INFO - Filling up the DagBag from /home/airflow/.local/lib/python3.6/site-packages/airflow/example_dags/tutorial_etl_dag.py
[2021-03-28 22:58:47,684] {scheduler_job.py:639} INFO - DAG(s) dict_keys(['tutorial_etl_dag']) retrieved from /home/airflow/.local/lib/python3.6/site-packages/airflow/example_dags/tutorial_etl_dag.py
[2021-03-28 22:58:47,687] {logging_mixin.py:103} INFO - [2021-03-28 22:58:47,686] {dag.py:1813} INFO - Sync 1 DAGs
[2021-03-28 22:58:47,759] {logging_mixin.py:103} INFO - [2021-03-28 22:58:47,758] {dag.py:2266} INFO - Setting next_dagrun for tutorial_etl_dag to None
[2021-03-28 22:58:47,892] {scheduler_job.py:189} INFO - Processing /home/airflow/.local/lib/python3.6/site-packages/airflow/example_dags/tutorial_etl_dag.py took 0.269 seconds
[2021-03-28 22:58:53,646] {scheduler_job.py:181} INFO - Started process (PID=2208) to work on /home/airflow/.local/lib/python3.6/site-packages/airflow/example_dags/tutorial_etl_dag.py
[2021-03-28 22:58:53,648] {scheduler_job.py:629} INFO - Processing file /home/airflow/.local/lib/python3.6/site-packages/airflow/example_dags/tutorial_etl_dag.py for tasks to queue
[2021-03-28 22:58:53,649] {logging_mixin.py:103} INFO - [2021-03-28 22:58:53,649] {dagbag.py:440} INFO - Filling up the DagBag from /home/airflow/.local/lib/python3.6/site-packages/airflow/example_dags/tutorial_etl_dag.py
[2021-03-28 22:58:53,666] {scheduler_job.py:639} INFO - DAG(s) dict_keys(['tutorial_etl_dag']) retrieved from /home/airflow/.local/lib/python3.6/site-packages/airflow/example_dags/tutorial_etl_dag.py
[2021-03-28 22:58:53,668] {logging_mixin.py:103} INFO - [2021-03-28 22:58:53,668] {dag.py:1813} INFO - Sync 1 DAGs
[2021-03-28 22:58:53,708] {logging_mixin.py:103} INFO - [2021-03-28 22:58:53,708] {dag.py:2266} INFO - Setting next_dagrun for tutorial_etl_dag to None
[2021-03-28 22:58:53,731] {scheduler_job.py:189} INFO - Processing /home/airflow/.local/lib/python3.6/site-packages/airflow/example_dags/tutorial_etl_dag.py took 0.089 seconds
[2021-03-28 22:58:55,690] {scheduler_job.py:181} INFO - Started process (PID=2234) to work on /home/airflow/.local/lib/python3.6/site-packages/airflow/example_dags/tutorial_etl_dag.py
[2021-03-28 22:58:55,692] {scheduler_job.py:629} INFO - Processing file /home/airflow/.local/lib/python3.6/site-packages/airflow/example_dags/tutorial_etl_dag.py for tasks to queue
[2021-03-28 22:58:55,693] {logging_mixin.py:103} INFO - [2021-03-28 22:58:55,693] {dagbag.py:440} INFO - Filling up the DagBag from /home/airflow/.local/lib/python3.6/site-packages/airflow/example_dags/tutorial_etl_dag.py
[2021-03-28 22:58:55,708] {scheduler_job.py:639} INFO - DAG(s) dict_keys(['tutorial_etl_dag']) retrieved from /home/airflow/.local/lib/python3.6/site-packages/airflow/example_dags/tutorial_etl_dag.py
[2021-03-28 22:58:55,711] {logging_mixin.py:103} INFO - [2021-03-28 22:58:55,710] {dag.py:1813} INFO - Sync 1 DAGs
[2021-03-28 22:58:55,747] {logging_mixin.py:103} INFO - [2021-03-28 22:58:55,746] {dag.py:2266} INFO - Setting next_dagrun for tutorial_etl_dag to None
[2021-03-28 22:58:55,777] {scheduler_job.py:189} INFO - Processing /home/airflow/.local/lib/python3.6/site-packages/airflow/example_dags/tutorial_etl_dag.py took 0.092 seconds
[2021-03-28 22:58:59,650] {scheduler_job.py:181} INFO - Started process (PID=2260) to work on /home/airflow/.local/lib/python3.6/site-packages/airflow/example_dags/tutorial_etl_dag.py
[2021-03-28 22:58:59,653] {scheduler_job.py:629} INFO - Processing file /home/airflow/.local/lib/python3.6/site-packages/airflow/example_dags/tutorial_etl_dag.py for tasks to queue
[2021-03-28 22:58:59,654] {logging_mixin.py:103} INFO - [2021-03-28 22:58:59,654] {dagbag.py:440} INFO - Filling up the DagBag from /home/airflow/.local/lib/python3.6/site-packages/airflow/example_dags/tutorial_etl_dag.py
[2021-03-28 22:58:59,677] {scheduler_job.py:639} INFO - DAG(s) dict_keys(['tutorial_etl_dag']) retrieved from /home/airflow/.local/lib/python3.6/site-packages/airflow/example_dags/tutorial_etl_dag.py
[2021-03-28 22:58:59,680] {logging_mixin.py:103} INFO - [2021-03-28 22:58:59,680] {dag.py:1813} INFO - Sync 1 DAGs
[2021-03-28 22:58:59,721] {logging_mixin.py:103} INFO - [2021-03-28 22:58:59,721] {dag.py:2266} INFO - Setting next_dagrun for tutorial_etl_dag to None
[2021-03-28 22:58:59,761] {scheduler_job.py:189} INFO - Processing /home/airflow/.local/lib/python3.6/site-packages/airflow/example_dags/tutorial_etl_dag.py took 0.116 seconds
[2021-03-28 22:59:02,011] {scheduler_job.py:181} INFO - Started process (PID=2286) to work on /home/airflow/.local/lib/python3.6/site-packages/airflow/example_dags/tutorial_etl_dag.py
[2021-03-28 22:59:02,014] {scheduler_job.py:629} INFO - Processing file /home/airflow/.local/lib/python3.6/site-packages/airflow/example_dags/tutorial_etl_dag.py for tasks to queue
[2021-03-28 22:59:02,017] {logging_mixin.py:103} INFO - [2021-03-28 22:59:02,016] {dagbag.py:440} INFO - Filling up the DagBag from /home/airflow/.local/lib/python3.6/site-packages/airflow/example_dags/tutorial_etl_dag.py
[2021-03-28 22:59:02,057] {scheduler_job.py:639} INFO - DAG(s) dict_keys(['tutorial_etl_dag']) retrieved from /home/airflow/.local/lib/python3.6/site-packages/airflow/example_dags/tutorial_etl_dag.py
[2021-03-28 22:59:02,061] {logging_mixin.py:103} INFO - [2021-03-28 22:59:02,061] {dag.py:1813} INFO - Sync 1 DAGs
[2021-03-28 22:59:02,105] {logging_mixin.py:103} INFO - [2021-03-28 22:59:02,105] {dag.py:2266} INFO - Setting next_dagrun for tutorial_etl_dag to None
[2021-03-28 22:59:02,128] {scheduler_job.py:189} INFO - Processing /home/airflow/.local/lib/python3.6/site-packages/airflow/example_dags/tutorial_etl_dag.py took 0.123 seconds
[2021-03-28 22:59:04,182] {scheduler_job.py:181} INFO - Started process (PID=2313) to work on /home/airflow/.local/lib/python3.6/site-packages/airflow/example_dags/tutorial_etl_dag.py
[2021-03-28 22:59:04,192] {scheduler_job.py:629} INFO - Processing file /home/airflow/.local/lib/python3.6/site-packages/airflow/example_dags/tutorial_etl_dag.py for tasks to queue
[2021-03-28 22:59:04,194] {logging_mixin.py:103} INFO - [2021-03-28 22:59:04,194] {dagbag.py:440} INFO - Filling up the DagBag from /home/airflow/.local/lib/python3.6/site-packages/airflow/example_dags/tutorial_etl_dag.py
[2021-03-28 22:59:04,228] {scheduler_job.py:639} INFO - DAG(s) dict_keys(['tutorial_etl_dag']) retrieved from /home/airflow/.local/lib/python3.6/site-packages/airflow/example_dags/tutorial_etl_dag.py
[2021-03-28 22:59:04,235] {logging_mixin.py:103} INFO - [2021-03-28 22:59:04,234] {dag.py:1813} INFO - Sync 1 DAGs
[2021-03-28 22:59:04,292] {logging_mixin.py:103} INFO - [2021-03-28 22:59:04,292] {dag.py:2266} INFO - Setting next_dagrun for tutorial_etl_dag to None
[2021-03-28 22:59:04,360] {scheduler_job.py:189} INFO - Processing /home/airflow/.local/lib/python3.6/site-packages/airflow/example_dags/tutorial_etl_dag.py took 0.185 seconds
[2021-03-28 22:59:06,217] {scheduler_job.py:181} INFO - Started process (PID=2339) to work on /home/airflow/.local/lib/python3.6/site-packages/airflow/example_dags/tutorial_etl_dag.py
[2021-03-28 22:59:06,220] {scheduler_job.py:629} INFO - Processing file /home/airflow/.local/lib/python3.6/site-packages/airflow/example_dags/tutorial_etl_dag.py for tasks to queue
[2021-03-28 22:59:06,223] {logging_mixin.py:103} INFO - [2021-03-28 22:59:06,223] {dagbag.py:440} INFO - Filling up the DagBag from /home/airflow/.local/lib/python3.6/site-packages/airflow/example_dags/tutorial_etl_dag.py
[2021-03-28 22:59:06,250] {scheduler_job.py:639} INFO - DAG(s) dict_keys(['tutorial_etl_dag']) retrieved from /home/airflow/.local/lib/python3.6/site-packages/airflow/example_dags/tutorial_etl_dag.py
[2021-03-28 22:59:06,256] {logging_mixin.py:103} INFO - [2021-03-28 22:59:06,256] {dag.py:1813} INFO - Sync 1 DAGs
[2021-03-28 22:59:06,304] {logging_mixin.py:103} INFO - [2021-03-28 22:59:06,304] {dag.py:2266} INFO - Setting next_dagrun for tutorial_etl_dag to None
[2021-03-28 22:59:06,324] {scheduler_job.py:189} INFO - Processing /home/airflow/.local/lib/python3.6/site-packages/airflow/example_dags/tutorial_etl_dag.py took 0.113 seconds
[2021-03-28 22:59:09,519] {scheduler_job.py:181} INFO - Started process (PID=2365) to work on /home/airflow/.local/lib/python3.6/site-packages/airflow/example_dags/tutorial_etl_dag.py
[2021-03-28 22:59:09,523] {scheduler_job.py:629} INFO - Processing file /home/airflow/.local/lib/python3.6/site-packages/airflow/example_dags/tutorial_etl_dag.py for tasks to queue
[2021-03-28 22:59:09,526] {logging_mixin.py:103} INFO - [2021-03-28 22:59:09,525] {dagbag.py:440} INFO - Filling up the DagBag from /home/airflow/.local/lib/python3.6/site-packages/airflow/example_dags/tutorial_etl_dag.py
[2021-03-28 22:59:09,559] {scheduler_job.py:639} INFO - DAG(s) dict_keys(['tutorial_etl_dag']) retrieved from /home/airflow/.local/lib/python3.6/site-packages/airflow/example_dags/tutorial_etl_dag.py
[2021-03-28 22:59:09,573] {logging_mixin.py:103} INFO - [2021-03-28 22:59:09,572] {dag.py:1813} INFO - Sync 1 DAGs
[2021-03-28 22:59:09,659] {logging_mixin.py:103} INFO - [2021-03-28 22:59:09,659] {dag.py:2266} INFO - Setting next_dagrun for tutorial_etl_dag to None
[2021-03-28 22:59:09,760] {scheduler_job.py:189} INFO - Processing /home/airflow/.local/lib/python3.6/site-packages/airflow/example_dags/tutorial_etl_dag.py took 0.250 seconds
[2021-03-28 22:59:15,672] {scheduler_job.py:181} INFO - Started process (PID=2417) to work on /home/airflow/.local/lib/python3.6/site-packages/airflow/example_dags/tutorial_etl_dag.py
[2021-03-28 22:59:15,676] {scheduler_job.py:629} INFO - Processing file /home/airflow/.local/lib/python3.6/site-packages/airflow/example_dags/tutorial_etl_dag.py for tasks to queue
[2021-03-28 22:59:15,677] {logging_mixin.py:103} INFO - [2021-03-28 22:59:15,677] {dagbag.py:440} INFO - Filling up the DagBag from /home/airflow/.local/lib/python3.6/site-packages/airflow/example_dags/tutorial_etl_dag.py
[2021-03-28 22:59:15,720] {scheduler_job.py:639} INFO - DAG(s) dict_keys(['tutorial_etl_dag']) retrieved from /home/airflow/.local/lib/python3.6/site-packages/airflow/example_dags/tutorial_etl_dag.py
[2021-03-28 22:59:15,733] {logging_mixin.py:103} INFO - [2021-03-28 22:59:15,732] {dag.py:1813} INFO - Sync 1 DAGs
[2021-03-28 22:59:15,802] {logging_mixin.py:103} INFO - [2021-03-28 22:59:15,802] {dag.py:2266} INFO - Setting next_dagrun for tutorial_etl_dag to None
[2021-03-28 22:59:15,884] {scheduler_job.py:189} INFO - Processing /home/airflow/.local/lib/python3.6/site-packages/airflow/example_dags/tutorial_etl_dag.py took 0.219 seconds
[2021-03-28 22:59:21,752] {scheduler_job.py:181} INFO - Started process (PID=2469) to work on /home/airflow/.local/lib/python3.6/site-packages/airflow/example_dags/tutorial_etl_dag.py
[2021-03-28 22:59:21,754] {scheduler_job.py:629} INFO - Processing file /home/airflow/.local/lib/python3.6/site-packages/airflow/example_dags/tutorial_etl_dag.py for tasks to queue
[2021-03-28 22:59:21,757] {logging_mixin.py:103} INFO - [2021-03-28 22:59:21,757] {dagbag.py:440} INFO - Filling up the DagBag from /home/airflow/.local/lib/python3.6/site-packages/airflow/example_dags/tutorial_etl_dag.py
[2021-03-28 22:59:21,778] {scheduler_job.py:639} INFO - DAG(s) dict_keys(['tutorial_etl_dag']) retrieved from /home/airflow/.local/lib/python3.6/site-packages/airflow/example_dags/tutorial_etl_dag.py
[2021-03-28 22:59:21,782] {logging_mixin.py:103} INFO - [2021-03-28 22:59:21,782] {dag.py:1813} INFO - Sync 1 DAGs
[2021-03-28 22:59:21,825] {logging_mixin.py:103} INFO - [2021-03-28 22:59:21,825] {dag.py:2266} INFO - Setting next_dagrun for tutorial_etl_dag to None
[2021-03-28 22:59:22,075] {scheduler_job.py:189} INFO - Processing /home/airflow/.local/lib/python3.6/site-packages/airflow/example_dags/tutorial_etl_dag.py took 0.333 seconds
[2021-03-28 22:59:30,132] {scheduler_job.py:181} INFO - Started process (PID=2521) to work on /home/airflow/.local/lib/python3.6/site-packages/airflow/example_dags/tutorial_etl_dag.py
[2021-03-28 22:59:30,134] {scheduler_job.py:629} INFO - Processing file /home/airflow/.local/lib/python3.6/site-packages/airflow/example_dags/tutorial_etl_dag.py for tasks to queue
[2021-03-28 22:59:30,136] {logging_mixin.py:103} INFO - [2021-03-28 22:59:30,136] {dagbag.py:440} INFO - Filling up the DagBag from /home/airflow/.local/lib/python3.6/site-packages/airflow/example_dags/tutorial_etl_dag.py
[2021-03-28 22:59:30,153] {scheduler_job.py:639} INFO - DAG(s) dict_keys(['tutorial_etl_dag']) retrieved from /home/airflow/.local/lib/python3.6/site-packages/airflow/example_dags/tutorial_etl_dag.py
[2021-03-28 22:59:30,155] {logging_mixin.py:103} INFO - [2021-03-28 22:59:30,155] {dag.py:1813} INFO - Sync 1 DAGs
[2021-03-28 22:59:30,189] {logging_mixin.py:103} INFO - [2021-03-28 22:59:30,189] {dag.py:2266} INFO - Setting next_dagrun for tutorial_etl_dag to None
[2021-03-28 22:59:30,429] {scheduler_job.py:189} INFO - Processing /home/airflow/.local/lib/python3.6/site-packages/airflow/example_dags/tutorial_etl_dag.py took 0.303 seconds
[2021-03-28 22:59:34,288] {scheduler_job.py:181} INFO - Started process (PID=2547) to work on /home/airflow/.local/lib/python3.6/site-packages/airflow/example_dags/tutorial_etl_dag.py
[2021-03-28 22:59:34,294] {scheduler_job.py:629} INFO - Processing file /home/airflow/.local/lib/python3.6/site-packages/airflow/example_dags/tutorial_etl_dag.py for tasks to queue
[2021-03-28 22:59:34,296] {logging_mixin.py:103} INFO - [2021-03-28 22:59:34,296] {dagbag.py:440} INFO - Filling up the DagBag from /home/airflow/.local/lib/python3.6/site-packages/airflow/example_dags/tutorial_etl_dag.py
[2021-03-28 22:59:34,333] {scheduler_job.py:639} INFO - DAG(s) dict_keys(['tutorial_etl_dag']) retrieved from /home/airflow/.local/lib/python3.6/site-packages/airflow/example_dags/tutorial_etl_dag.py
[2021-03-28 22:59:34,336] {logging_mixin.py:103} INFO - [2021-03-28 22:59:34,336] {dag.py:1813} INFO - Sync 1 DAGs
[2021-03-28 22:59:34,386] {logging_mixin.py:103} INFO - [2021-03-28 22:59:34,386] {dag.py:2266} INFO - Setting next_dagrun for tutorial_etl_dag to None
[2021-03-28 22:59:34,518] {scheduler_job.py:189} INFO - Processing /home/airflow/.local/lib/python3.6/site-packages/airflow/example_dags/tutorial_etl_dag.py took 0.234 seconds
[2021-03-28 22:59:37,424] {scheduler_job.py:181} INFO - Started process (PID=2573) to work on /home/airflow/.local/lib/python3.6/site-packages/airflow/example_dags/tutorial_etl_dag.py
[2021-03-28 22:59:37,426] {scheduler_job.py:629} INFO - Processing file /home/airflow/.local/lib/python3.6/site-packages/airflow/example_dags/tutorial_etl_dag.py for tasks to queue
[2021-03-28 22:59:37,428] {logging_mixin.py:103} INFO - [2021-03-28 22:59:37,428] {dagbag.py:440} INFO - Filling up the DagBag from /home/airflow/.local/lib/python3.6/site-packages/airflow/example_dags/tutorial_etl_dag.py
[2021-03-28 22:59:37,458] {scheduler_job.py:639} INFO - DAG(s) dict_keys(['tutorial_etl_dag']) retrieved from /home/airflow/.local/lib/python3.6/site-packages/airflow/example_dags/tutorial_etl_dag.py
[2021-03-28 22:59:37,461] {logging_mixin.py:103} INFO - [2021-03-28 22:59:37,460] {dag.py:1813} INFO - Sync 1 DAGs
[2021-03-28 22:59:37,517] {logging_mixin.py:103} INFO - [2021-03-28 22:59:37,517] {dag.py:2266} INFO - Setting next_dagrun for tutorial_etl_dag to None
[2021-03-28 22:59:37,639] {scheduler_job.py:189} INFO - Processing /home/airflow/.local/lib/python3.6/site-packages/airflow/example_dags/tutorial_etl_dag.py took 0.226 seconds
